<?xml version="1.0" encoding="UTF-8"?>
<robot generator="Robot 6.0.2 (Python 3.11.2 on win32)" generated="20240808 15:01:05.577" rpa="false" schemaversion="3">
<suite id="s1" name="Charging Sequence No Cloud Both Ports" source="C:\Users\labbet\Documents\NISO-ROBOT-TEST-main\NISO-ROBOT-TEST-main\NISO_EVSE_ROBOT\Tests\Charging Tests\Charging_Sequence_No_Cloud_Both_Ports.robot">
<kw name="Run Keywords" library="BuiltIn" type="SETUP">
<arg>Open Serial Port</arg>
<arg>${port}</arg>
<arg>AND</arg>
<arg>Set Mac Variable</arg>
<doc>Executes all the given keywords in a sequence.</doc>
<kw name="Open Serial Port">
<arg>${port}</arg>
<doc>Opens up a serial COM-port and is able to pass it between test to avoid reboot of device.</doc>
<kw name="Open Serial" library="main">
<var>${ser}</var>
<arg>${port}</arg>
<msg timestamp="20240808 15:01:06.214" level="INFO">${ser} = Serial&lt;id=0x1bd7f9f2680, open=True&gt;(port='COM15', baudrate=115200, bytesize=8, parity='N', stopbits=1, timeout=2, xonxoff=False, rtscts=False, dsrdtr=False)</msg>
<status status="PASS" starttime="20240808 15:01:06.196" endtime="20240808 15:01:06.214"/>
</kw>
<kw name="Set Suite Variable" library="BuiltIn">
<arg>${ser}</arg>
<doc>Makes a variable available everywhere within the scope of the current suite.</doc>
<msg timestamp="20240808 15:01:06.214" level="INFO">${ser} = Serial&lt;id=0x1bd7f9f2680, open=True&gt;(port='COM15', baudrate=115200, bytesize=8, parity='N', stopbits=1, timeout=2, xonxoff=False, rtscts=False, dsrdtr=False)</msg>
<status status="PASS" starttime="20240808 15:01:06.214" endtime="20240808 15:01:06.214"/>
</kw>
<kw name="Sleep" library="BuiltIn">
<arg>2s</arg>
<doc>Pauses the test executed for the given time.</doc>
<msg timestamp="20240808 15:01:08.216" level="INFO">Slept 2 seconds</msg>
<status status="PASS" starttime="20240808 15:01:06.215" endtime="20240808 15:01:08.216"/>
</kw>
<status status="PASS" starttime="20240808 15:01:06.194" endtime="20240808 15:01:08.216"/>
</kw>
<kw name="Set Mac Variable">
<kw name="Get MAC-Address From Config File" library="Config_Loader">
<var>${MAC}</var>
<kw name="Read Config" library="main">
<var>${data}</var>
<arg>${mac}</arg>
<msg timestamp="20240808 15:01:08.217" level="INFO">${data} = [['I (01:00:01.938) OCPP: MAC 348518A1DC84']]</msg>
<status status="PASS" starttime="20240808 15:01:08.216" endtime="20240808 15:01:08.217"/>
</kw>
<kw name="Convert To String" library="BuiltIn">
<var>${line}</var>
<arg>${data}</arg>
<doc>Converts the given item to a Unicode string.</doc>
<msg timestamp="20240808 15:01:08.217" level="INFO">${line} = [['I (01:00:01.938) OCPP: MAC 348518A1DC84']]</msg>
<status status="PASS" starttime="20240808 15:01:08.217" endtime="20240808 15:01:08.217"/>
</kw>
<kw name="Get Substring" library="String">
<var>${MAC}</var>
<arg>${line}</arg>
<arg>-15</arg>
<arg>-3</arg>
<doc>Returns a substring from ``start`` index to ``end`` index.</doc>
<msg timestamp="20240808 15:01:08.217" level="INFO">${MAC} = 348518A1DC84</msg>
<status status="PASS" starttime="20240808 15:01:08.217" endtime="20240808 15:01:08.217"/>
</kw>
<kw name="Return From Keyword" library="BuiltIn">
<arg>${MAC}</arg>
<doc>Returns from the enclosing user keyword.</doc>
<msg timestamp="20240808 15:01:08.218" level="INFO">Returning from the enclosing user keyword.</msg>
<status status="PASS" starttime="20240808 15:01:08.217" endtime="20240808 15:01:08.218"/>
</kw>
<msg timestamp="20240808 15:01:08.218" level="INFO">${MAC} = 348518A1DC84</msg>
<status status="PASS" starttime="20240808 15:01:08.216" endtime="20240808 15:01:08.218"/>
</kw>
<kw name="Set Suite Variable" library="BuiltIn">
<arg>${MAC_GLOBAL}</arg>
<arg>${MAC}</arg>
<doc>Makes a variable available everywhere within the scope of the current suite.</doc>
<msg timestamp="20240808 15:01:08.218" level="INFO">${MAC_GLOBAL} = 348518A1DC84</msg>
<status status="PASS" starttime="20240808 15:01:08.218" endtime="20240808 15:01:08.218"/>
</kw>
<status status="PASS" starttime="20240808 15:01:08.216" endtime="20240808 15:01:08.218"/>
</kw>
<status status="PASS" starttime="20240808 15:01:06.194" endtime="20240808 15:01:08.218"/>
</kw>
<test id="s1-t1" name="Set Suite Documentation" line="34">
<kw name="Run Keyword" library="BuiltIn">
<var>${MAC}</var>
<arg>Get MAC-Address From Config File</arg>
<doc>Executes the given keyword with the given arguments.</doc>
<kw name="Get MAC-Address From Config File" library="Config_Loader">
<kw name="Read Config" library="main">
<var>${data}</var>
<arg>${mac}</arg>
<msg timestamp="20240808 15:01:08.221" level="INFO">${data} = [['I (01:00:01.938) OCPP: MAC 348518A1DC84']]</msg>
<status status="PASS" starttime="20240808 15:01:08.219" endtime="20240808 15:01:08.221"/>
</kw>
<kw name="Convert To String" library="BuiltIn">
<var>${line}</var>
<arg>${data}</arg>
<doc>Converts the given item to a Unicode string.</doc>
<msg timestamp="20240808 15:01:08.221" level="INFO">${line} = [['I (01:00:01.938) OCPP: MAC 348518A1DC84']]</msg>
<status status="PASS" starttime="20240808 15:01:08.221" endtime="20240808 15:01:08.221"/>
</kw>
<kw name="Get Substring" library="String">
<var>${MAC}</var>
<arg>${line}</arg>
<arg>-15</arg>
<arg>-3</arg>
<doc>Returns a substring from ``start`` index to ``end`` index.</doc>
<msg timestamp="20240808 15:01:08.221" level="INFO">${MAC} = 348518A1DC84</msg>
<status status="PASS" starttime="20240808 15:01:08.221" endtime="20240808 15:01:08.221"/>
</kw>
<kw name="Return From Keyword" library="BuiltIn">
<arg>${MAC}</arg>
<doc>Returns from the enclosing user keyword.</doc>
<msg timestamp="20240808 15:01:08.221" level="INFO">Returning from the enclosing user keyword.</msg>
<status status="PASS" starttime="20240808 15:01:08.221" endtime="20240808 15:01:08.223"/>
</kw>
<status status="PASS" starttime="20240808 15:01:08.219" endtime="20240808 15:01:08.223"/>
</kw>
<msg timestamp="20240808 15:01:08.223" level="INFO">${MAC} = 348518A1DC84</msg>
<status status="PASS" starttime="20240808 15:01:08.219" endtime="20240808 15:01:08.223"/>
</kw>
<kw name="Run Keyword" library="BuiltIn">
<var>${SW}</var>
<arg>Get Software Version From Config File</arg>
<doc>Executes the given keyword with the given arguments.</doc>
<kw name="Get Software Version From Config File" library="Config_Loader">
<kw name="Get Lines Matching Pattern In CSV" library="Config_Loader">
<var>${lines}</var>
<arg>${file_path}</arg>
<arg>SW name:</arg>
<kw name="Create List" library="BuiltIn">
<var>${lines}</var>
<doc>Returns a list containing given items.</doc>
<msg timestamp="20240808 15:01:08.225" level="INFO">${lines} = []</msg>
<status status="PASS" starttime="20240808 15:01:08.225" endtime="20240808 15:01:08.225"/>
</kw>
<kw name="Read Csv File To List" library="CSVLibrary">
<var>${csv_data}</var>
<arg>${file_path}</arg>
<doc>Read CSV file and return its content as a Python list of tuples.</doc>
<msg timestamp="20240808 15:01:08.226" level="INFO">${csv_data} = [['ESP-ROM:esp32s3-20210327'], ['Build:Mar 27 2021'], ['rst:0x1 (POWERON)', 'boot:0x18 (SPI_FAST_FLASH_BOOT)'], ['SPIWP:0xee'], ['Octal Flash Mode Enabled'], ['For OPI Flash', ' Use Default Flash Boot...</msg>
<status status="PASS" starttime="20240808 15:01:08.225" endtime="20240808 15:01:08.226"/>
</kw>
<kw name="Get Length" library="BuiltIn">
<var>${leng}</var>
<arg>${csv_data}</arg>
<doc>Returns and logs the length of the given item as an integer.</doc>
<msg timestamp="20240808 15:01:08.226" level="INFO">Length is 92</msg>
<msg timestamp="20240808 15:01:08.226" level="INFO">${leng} = 92</msg>
<status status="PASS" starttime="20240808 15:01:08.226" endtime="20240808 15:01:08.226"/>
</kw>
<for flavor="IN">
<var>${line}</var>
<value>@{csv_data}</value>
<iter>
<var name="${line}">['ESP-ROM:esp32s3-20210327']</var>
<kw name="Log" library="BuiltIn">
<arg>line: ${line}</arg>
<doc>Logs the given message with the given level.</doc>
<msg timestamp="20240808 15:01:08.227" level="INFO">line: ['ESP-ROM:esp32s3-20210327']</msg>
<status status="PASS" starttime="20240808 15:01:08.226" endtime="20240808 15:01:08.227"/>
</kw>
<kw name="Convert To String" library="BuiltIn">
<var>${string}</var>
<arg>${line}</arg>
<doc>Converts the given item to a Unicode string.</doc>
<msg timestamp="20240808 15:01:08.227" level="INFO">${string} = ['ESP-ROM:esp32s3-20210327']</msg>
<status status="PASS" starttime="20240808 15:01:08.227" endtime="20240808 15:01:08.227"/>
</kw>
<kw name="Run Keyword And Return Status" library="BuiltIn">
<var>${match}</var>
<arg>Should Match Regexp</arg>
<arg>${string}</arg>
<arg>${pattern}</arg>
<doc>Runs the given keyword with given arguments and returns the status as a Boolean value.</doc>
<kw name="Should Match Regexp" library="BuiltIn">
<arg>${string}</arg>
<arg>${pattern}</arg>
<doc>Fails if ``string`` does not match ``pattern`` as a regular expression.</doc>
<msg timestamp="20240808 15:01:08.227" level="FAIL">'['ESP-ROM:esp32s3-20210327']' does not match 'SW name:'</msg>
<status status="FAIL" starttime="20240808 15:01:08.227" endtime="20240808 15:01:08.227"/>
</kw>
<msg timestamp="20240808 15:01:08.227" level="INFO">${match} = False</msg>
<status status="PASS" starttime="20240808 15:01:08.227" endtime="20240808 15:01:08.227"/>
</kw>
<kw name="Exit For Loop If" library="BuiltIn">
<arg>${match} == ${true}</arg>
<doc>Stops executing the enclosing FOR loop if the ``condition`` is true.</doc>
<status status="PASS" starttime="20240808 15:01:08.227" endtime="20240808 15:01:08.228"/>
</kw>
<status status="PASS" starttime="20240808 15:01:08.226" endtime="20240808 15:01:08.228"/>
</iter>
<iter>
<var name="${line}">['Build:Mar 27 2021']</var>
<kw name="Log" library="BuiltIn">
<arg>line: ${line}</arg>
<doc>Logs the given message with the given level.</doc>
<msg timestamp="20240808 15:01:08.228" level="INFO">line: ['Build:Mar 27 2021']</msg>
<status status="PASS" starttime="20240808 15:01:08.228" endtime="20240808 15:01:08.228"/>
</kw>
<kw name="Convert To String" library="BuiltIn">
<var>${string}</var>
<arg>${line}</arg>
<doc>Converts the given item to a Unicode string.</doc>
<msg timestamp="20240808 15:01:08.228" level="INFO">${string} = ['Build:Mar 27 2021']</msg>
<status status="PASS" starttime="20240808 15:01:08.228" endtime="20240808 15:01:08.228"/>
</kw>
<kw name="Run Keyword And Return Status" library="BuiltIn">
<var>${match}</var>
<arg>Should Match Regexp</arg>
<arg>${string}</arg>
<arg>${pattern}</arg>
<doc>Runs the given keyword with given arguments and returns the status as a Boolean value.</doc>
<kw name="Should Match Regexp" library="BuiltIn">
<arg>${string}</arg>
<arg>${pattern}</arg>
<doc>Fails if ``string`` does not match ``pattern`` as a regular expression.</doc>
<msg timestamp="20240808 15:01:08.229" level="FAIL">'['Build:Mar 27 2021']' does not match 'SW name:'</msg>
<status status="FAIL" starttime="20240808 15:01:08.228" endtime="20240808 15:01:08.229"/>
</kw>
<msg timestamp="20240808 15:01:08.229" level="INFO">${match} = False</msg>
<status status="PASS" starttime="20240808 15:01:08.228" endtime="20240808 15:01:08.229"/>
</kw>
<kw name="Exit For Loop If" library="BuiltIn">
<arg>${match} == ${true}</arg>
<doc>Stops executing the enclosing FOR loop if the ``condition`` is true.</doc>
<status status="PASS" starttime="20240808 15:01:08.229" endtime="20240808 15:01:08.229"/>
</kw>
<status status="PASS" starttime="20240808 15:01:08.228" endtime="20240808 15:01:08.229"/>
</iter>
<iter>
<var name="${line}">['rst:0x1 (POWERON)', 'boot:0x18 (SPI_FAST_FLASH_BOOT)']</var>
<kw name="Log" library="BuiltIn">
<arg>line: ${line}</arg>
<doc>Logs the given message with the given level.</doc>
<msg timestamp="20240808 15:01:08.229" level="INFO">line: ['rst:0x1 (POWERON)', 'boot:0x18 (SPI_FAST_FLASH_BOOT)']</msg>
<status status="PASS" starttime="20240808 15:01:08.229" endtime="20240808 15:01:08.229"/>
</kw>
<kw name="Convert To String" library="BuiltIn">
<var>${string}</var>
<arg>${line}</arg>
<doc>Converts the given item to a Unicode string.</doc>
<msg timestamp="20240808 15:01:08.230" level="INFO">${string} = ['rst:0x1 (POWERON)', 'boot:0x18 (SPI_FAST_FLASH_BOOT)']</msg>
<status status="PASS" starttime="20240808 15:01:08.229" endtime="20240808 15:01:08.230"/>
</kw>
<kw name="Run Keyword And Return Status" library="BuiltIn">
<var>${match}</var>
<arg>Should Match Regexp</arg>
<arg>${string}</arg>
<arg>${pattern}</arg>
<doc>Runs the given keyword with given arguments and returns the status as a Boolean value.</doc>
<kw name="Should Match Regexp" library="BuiltIn">
<arg>${string}</arg>
<arg>${pattern}</arg>
<doc>Fails if ``string`` does not match ``pattern`` as a regular expression.</doc>
<msg timestamp="20240808 15:01:08.230" level="FAIL">'['rst:0x1 (POWERON)', 'boot:0x18 (SPI_FAST_FLASH_BOOT)']' does not match 'SW name:'</msg>
<status status="FAIL" starttime="20240808 15:01:08.230" endtime="20240808 15:01:08.230"/>
</kw>
<msg timestamp="20240808 15:01:08.230" level="INFO">${match} = False</msg>
<status status="PASS" starttime="20240808 15:01:08.230" endtime="20240808 15:01:08.230"/>
</kw>
<kw name="Exit For Loop If" library="BuiltIn">
<arg>${match} == ${true}</arg>
<doc>Stops executing the enclosing FOR loop if the ``condition`` is true.</doc>
<status status="PASS" starttime="20240808 15:01:08.230" endtime="20240808 15:01:08.231"/>
</kw>
<status status="PASS" starttime="20240808 15:01:08.229" endtime="20240808 15:01:08.231"/>
</iter>
<iter>
<var name="${line}">['SPIWP:0xee']</var>
<kw name="Log" library="BuiltIn">
<arg>line: ${line}</arg>
<doc>Logs the given message with the given level.</doc>
<msg timestamp="20240808 15:01:08.231" level="INFO">line: ['SPIWP:0xee']</msg>
<status status="PASS" starttime="20240808 15:01:08.231" endtime="20240808 15:01:08.231"/>
</kw>
<kw name="Convert To String" library="BuiltIn">
<var>${string}</var>
<arg>${line}</arg>
<doc>Converts the given item to a Unicode string.</doc>
<msg timestamp="20240808 15:01:08.231" level="INFO">${string} = ['SPIWP:0xee']</msg>
<status status="PASS" starttime="20240808 15:01:08.231" endtime="20240808 15:01:08.231"/>
</kw>
<kw name="Run Keyword And Return Status" library="BuiltIn">
<var>${match}</var>
<arg>Should Match Regexp</arg>
<arg>${string}</arg>
<arg>${pattern}</arg>
<doc>Runs the given keyword with given arguments and returns the status as a Boolean value.</doc>
<kw name="Should Match Regexp" library="BuiltIn">
<arg>${string}</arg>
<arg>${pattern}</arg>
<doc>Fails if ``string`` does not match ``pattern`` as a regular expression.</doc>
<msg timestamp="20240808 15:01:08.232" level="FAIL">'['SPIWP:0xee']' does not match 'SW name:'</msg>
<status status="FAIL" starttime="20240808 15:01:08.231" endtime="20240808 15:01:08.232"/>
</kw>
<msg timestamp="20240808 15:01:08.232" level="INFO">${match} = False</msg>
<status status="PASS" starttime="20240808 15:01:08.231" endtime="20240808 15:01:08.232"/>
</kw>
<kw name="Exit For Loop If" library="BuiltIn">
<arg>${match} == ${true}</arg>
<doc>Stops executing the enclosing FOR loop if the ``condition`` is true.</doc>
<status status="PASS" starttime="20240808 15:01:08.232" endtime="20240808 15:01:08.232"/>
</kw>
<status status="PASS" starttime="20240808 15:01:08.231" endtime="20240808 15:01:08.232"/>
</iter>
<iter>
<var name="${line}">['Octal Flash Mode Enabled']</var>
<kw name="Log" library="BuiltIn">
<arg>line: ${line}</arg>
<doc>Logs the given message with the given level.</doc>
<msg timestamp="20240808 15:01:08.233" level="INFO">line: ['Octal Flash Mode Enabled']</msg>
<status status="PASS" starttime="20240808 15:01:08.233" endtime="20240808 15:01:08.233"/>
</kw>
<kw name="Convert To String" library="BuiltIn">
<var>${string}</var>
<arg>${line}</arg>
<doc>Converts the given item to a Unicode string.</doc>
<msg timestamp="20240808 15:01:08.233" level="INFO">${string} = ['Octal Flash Mode Enabled']</msg>
<status status="PASS" starttime="20240808 15:01:08.233" endtime="20240808 15:01:08.233"/>
</kw>
<kw name="Run Keyword And Return Status" library="BuiltIn">
<var>${match}</var>
<arg>Should Match Regexp</arg>
<arg>${string}</arg>
<arg>${pattern}</arg>
<doc>Runs the given keyword with given arguments and returns the status as a Boolean value.</doc>
<kw name="Should Match Regexp" library="BuiltIn">
<arg>${string}</arg>
<arg>${pattern}</arg>
<doc>Fails if ``string`` does not match ``pattern`` as a regular expression.</doc>
<msg timestamp="20240808 15:01:08.233" level="FAIL">'['Octal Flash Mode Enabled']' does not match 'SW name:'</msg>
<status status="FAIL" starttime="20240808 15:01:08.233" endtime="20240808 15:01:08.233"/>
</kw>
<msg timestamp="20240808 15:01:08.233" level="INFO">${match} = False</msg>
<status status="PASS" starttime="20240808 15:01:08.233" endtime="20240808 15:01:08.233"/>
</kw>
<kw name="Exit For Loop If" library="BuiltIn">
<arg>${match} == ${true}</arg>
<doc>Stops executing the enclosing FOR loop if the ``condition`` is true.</doc>
<status status="PASS" starttime="20240808 15:01:08.233" endtime="20240808 15:01:08.233"/>
</kw>
<status status="PASS" starttime="20240808 15:01:08.232" endtime="20240808 15:01:08.233"/>
</iter>
<iter>
<var name="${line}">['For OPI Flash', ' Use Default Flash Boot Mode']</var>
<kw name="Log" library="BuiltIn">
<arg>line: ${line}</arg>
<doc>Logs the given message with the given level.</doc>
<msg timestamp="20240808 15:01:08.233" level="INFO">line: ['For OPI Flash', ' Use Default Flash Boot Mode']</msg>
<status status="PASS" starttime="20240808 15:01:08.233" endtime="20240808 15:01:08.233"/>
</kw>
<kw name="Convert To String" library="BuiltIn">
<var>${string}</var>
<arg>${line}</arg>
<doc>Converts the given item to a Unicode string.</doc>
<msg timestamp="20240808 15:01:08.234" level="INFO">${string} = ['For OPI Flash', ' Use Default Flash Boot Mode']</msg>
<status status="PASS" starttime="20240808 15:01:08.234" endtime="20240808 15:01:08.234"/>
</kw>
<kw name="Run Keyword And Return Status" library="BuiltIn">
<var>${match}</var>
<arg>Should Match Regexp</arg>
<arg>${string}</arg>
<arg>${pattern}</arg>
<doc>Runs the given keyword with given arguments and returns the status as a Boolean value.</doc>
<kw name="Should Match Regexp" library="BuiltIn">
<arg>${string}</arg>
<arg>${pattern}</arg>
<doc>Fails if ``string`` does not match ``pattern`` as a regular expression.</doc>
<msg timestamp="20240808 15:01:08.234" level="FAIL">'['For OPI Flash', ' Use Default Flash Boot Mode']' does not match 'SW name:'</msg>
<status status="FAIL" starttime="20240808 15:01:08.234" endtime="20240808 15:01:08.234"/>
</kw>
<msg timestamp="20240808 15:01:08.234" level="INFO">${match} = False</msg>
<status status="PASS" starttime="20240808 15:01:08.234" endtime="20240808 15:01:08.234"/>
</kw>
<kw name="Exit For Loop If" library="BuiltIn">
<arg>${match} == ${true}</arg>
<doc>Stops executing the enclosing FOR loop if the ``condition`` is true.</doc>
<status status="PASS" starttime="20240808 15:01:08.234" endtime="20240808 15:01:08.234"/>
</kw>
<status status="PASS" starttime="20240808 15:01:08.233" endtime="20240808 15:01:08.234"/>
</iter>
<iter>
<var name="${line}">['mode:SLOW_RD', ' clock div:1']</var>
<kw name="Log" library="BuiltIn">
<arg>line: ${line}</arg>
<doc>Logs the given message with the given level.</doc>
<msg timestamp="20240808 15:01:08.235" level="INFO">line: ['mode:SLOW_RD', ' clock div:1']</msg>
<status status="PASS" starttime="20240808 15:01:08.234" endtime="20240808 15:01:08.235"/>
</kw>
<kw name="Convert To String" library="BuiltIn">
<var>${string}</var>
<arg>${line}</arg>
<doc>Converts the given item to a Unicode string.</doc>
<msg timestamp="20240808 15:01:08.235" level="INFO">${string} = ['mode:SLOW_RD', ' clock div:1']</msg>
<status status="PASS" starttime="20240808 15:01:08.235" endtime="20240808 15:01:08.235"/>
</kw>
<kw name="Run Keyword And Return Status" library="BuiltIn">
<var>${match}</var>
<arg>Should Match Regexp</arg>
<arg>${string}</arg>
<arg>${pattern}</arg>
<doc>Runs the given keyword with given arguments and returns the status as a Boolean value.</doc>
<kw name="Should Match Regexp" library="BuiltIn">
<arg>${string}</arg>
<arg>${pattern}</arg>
<doc>Fails if ``string`` does not match ``pattern`` as a regular expression.</doc>
<msg timestamp="20240808 15:01:08.235" level="FAIL">'['mode:SLOW_RD', ' clock div:1']' does not match 'SW name:'</msg>
<status status="FAIL" starttime="20240808 15:01:08.235" endtime="20240808 15:01:08.235"/>
</kw>
<msg timestamp="20240808 15:01:08.235" level="INFO">${match} = False</msg>
<status status="PASS" starttime="20240808 15:01:08.235" endtime="20240808 15:01:08.235"/>
</kw>
<kw name="Exit For Loop If" library="BuiltIn">
<arg>${match} == ${true}</arg>
<doc>Stops executing the enclosing FOR loop if the ``condition`` is true.</doc>
<status status="PASS" starttime="20240808 15:01:08.235" endtime="20240808 15:01:08.235"/>
</kw>
<status status="PASS" starttime="20240808 15:01:08.234" endtime="20240808 15:01:08.235"/>
</iter>
<iter>
<var name="${line}">['load:0x3fce2810', 'len:0x13b4']</var>
<kw name="Log" library="BuiltIn">
<arg>line: ${line}</arg>
<doc>Logs the given message with the given level.</doc>
<msg timestamp="20240808 15:01:08.236" level="INFO">line: ['load:0x3fce2810', 'len:0x13b4']</msg>
<status status="PASS" starttime="20240808 15:01:08.236" endtime="20240808 15:01:08.236"/>
</kw>
<kw name="Convert To String" library="BuiltIn">
<var>${string}</var>
<arg>${line}</arg>
<doc>Converts the given item to a Unicode string.</doc>
<msg timestamp="20240808 15:01:08.236" level="INFO">${string} = ['load:0x3fce2810', 'len:0x13b4']</msg>
<status status="PASS" starttime="20240808 15:01:08.236" endtime="20240808 15:01:08.236"/>
</kw>
<kw name="Run Keyword And Return Status" library="BuiltIn">
<var>${match}</var>
<arg>Should Match Regexp</arg>
<arg>${string}</arg>
<arg>${pattern}</arg>
<doc>Runs the given keyword with given arguments and returns the status as a Boolean value.</doc>
<kw name="Should Match Regexp" library="BuiltIn">
<arg>${string}</arg>
<arg>${pattern}</arg>
<doc>Fails if ``string`` does not match ``pattern`` as a regular expression.</doc>
<msg timestamp="20240808 15:01:08.236" level="FAIL">'['load:0x3fce2810', 'len:0x13b4']' does not match 'SW name:'</msg>
<status status="FAIL" starttime="20240808 15:01:08.236" endtime="20240808 15:01:08.236"/>
</kw>
<msg timestamp="20240808 15:01:08.237" level="INFO">${match} = False</msg>
<status status="PASS" starttime="20240808 15:01:08.236" endtime="20240808 15:01:08.237"/>
</kw>
<kw name="Exit For Loop If" library="BuiltIn">
<arg>${match} == ${true}</arg>
<doc>Stops executing the enclosing FOR loop if the ``condition`` is true.</doc>
<status status="PASS" starttime="20240808 15:01:08.237" endtime="20240808 15:01:08.237"/>
</kw>
<status status="PASS" starttime="20240808 15:01:08.235" endtime="20240808 15:01:08.237"/>
</iter>
<iter>
<var name="${line}">['load:0x403c8700', 'len:0x4']</var>
<kw name="Log" library="BuiltIn">
<arg>line: ${line}</arg>
<doc>Logs the given message with the given level.</doc>
<msg timestamp="20240808 15:01:08.237" level="INFO">line: ['load:0x403c8700', 'len:0x4']</msg>
<status status="PASS" starttime="20240808 15:01:08.237" endtime="20240808 15:01:08.237"/>
</kw>
<kw name="Convert To String" library="BuiltIn">
<var>${string}</var>
<arg>${line}</arg>
<doc>Converts the given item to a Unicode string.</doc>
<msg timestamp="20240808 15:01:08.237" level="INFO">${string} = ['load:0x403c8700', 'len:0x4']</msg>
<status status="PASS" starttime="20240808 15:01:08.237" endtime="20240808 15:01:08.237"/>
</kw>
<kw name="Run Keyword And Return Status" library="BuiltIn">
<var>${match}</var>
<arg>Should Match Regexp</arg>
<arg>${string}</arg>
<arg>${pattern}</arg>
<doc>Runs the given keyword with given arguments and returns the status as a Boolean value.</doc>
<kw name="Should Match Regexp" library="BuiltIn">
<arg>${string}</arg>
<arg>${pattern}</arg>
<doc>Fails if ``string`` does not match ``pattern`` as a regular expression.</doc>
<msg timestamp="20240808 15:01:08.238" level="FAIL">'['load:0x403c8700', 'len:0x4']' does not match 'SW name:'</msg>
<status status="FAIL" starttime="20240808 15:01:08.238" endtime="20240808 15:01:08.238"/>
</kw>
<msg timestamp="20240808 15:01:08.238" level="INFO">${match} = False</msg>
<status status="PASS" starttime="20240808 15:01:08.237" endtime="20240808 15:01:08.238"/>
</kw>
<kw name="Exit For Loop If" library="BuiltIn">
<arg>${match} == ${true}</arg>
<doc>Stops executing the enclosing FOR loop if the ``condition`` is true.</doc>
<status status="PASS" starttime="20240808 15:01:08.238" endtime="20240808 15:01:08.238"/>
</kw>
<status status="PASS" starttime="20240808 15:01:08.237" endtime="20240808 15:01:08.238"/>
</iter>
<iter>
<var name="${line}">['load:0x403c8704', 'len:0xce0']</var>
<kw name="Log" library="BuiltIn">
<arg>line: ${line}</arg>
<doc>Logs the given message with the given level.</doc>
<msg timestamp="20240808 15:01:08.239" level="INFO">line: ['load:0x403c8704', 'len:0xce0']</msg>
<status status="PASS" starttime="20240808 15:01:08.239" endtime="20240808 15:01:08.239"/>
</kw>
<kw name="Convert To String" library="BuiltIn">
<var>${string}</var>
<arg>${line}</arg>
<doc>Converts the given item to a Unicode string.</doc>
<msg timestamp="20240808 15:01:08.239" level="INFO">${string} = ['load:0x403c8704', 'len:0xce0']</msg>
<status status="PASS" starttime="20240808 15:01:08.239" endtime="20240808 15:01:08.239"/>
</kw>
<kw name="Run Keyword And Return Status" library="BuiltIn">
<var>${match}</var>
<arg>Should Match Regexp</arg>
<arg>${string}</arg>
<arg>${pattern}</arg>
<doc>Runs the given keyword with given arguments and returns the status as a Boolean value.</doc>
<kw name="Should Match Regexp" library="BuiltIn">
<arg>${string}</arg>
<arg>${pattern}</arg>
<doc>Fails if ``string`` does not match ``pattern`` as a regular expression.</doc>
<msg timestamp="20240808 15:01:08.239" level="FAIL">'['load:0x403c8704', 'len:0xce0']' does not match 'SW name:'</msg>
<status status="FAIL" starttime="20240808 15:01:08.239" endtime="20240808 15:01:08.239"/>
</kw>
<msg timestamp="20240808 15:01:08.239" level="INFO">${match} = False</msg>
<status status="PASS" starttime="20240808 15:01:08.239" endtime="20240808 15:01:08.239"/>
</kw>
<kw name="Exit For Loop If" library="BuiltIn">
<arg>${match} == ${true}</arg>
<doc>Stops executing the enclosing FOR loop if the ``condition`` is true.</doc>
<status status="PASS" starttime="20240808 15:01:08.239" endtime="20240808 15:01:08.240"/>
</kw>
<status status="PASS" starttime="20240808 15:01:08.238" endtime="20240808 15:01:08.240"/>
</iter>
<iter>
<var name="${line}">['load:0x403cb700', 'len:0x33d4']</var>
<kw name="Log" library="BuiltIn">
<arg>line: ${line}</arg>
<doc>Logs the given message with the given level.</doc>
<msg timestamp="20240808 15:01:08.240" level="INFO">line: ['load:0x403cb700', 'len:0x33d4']</msg>
<status status="PASS" starttime="20240808 15:01:08.240" endtime="20240808 15:01:08.240"/>
</kw>
<kw name="Convert To String" library="BuiltIn">
<var>${string}</var>
<arg>${line}</arg>
<doc>Converts the given item to a Unicode string.</doc>
<msg timestamp="20240808 15:01:08.240" level="INFO">${string} = ['load:0x403cb700', 'len:0x33d4']</msg>
<status status="PASS" starttime="20240808 15:01:08.240" endtime="20240808 15:01:08.240"/>
</kw>
<kw name="Run Keyword And Return Status" library="BuiltIn">
<var>${match}</var>
<arg>Should Match Regexp</arg>
<arg>${string}</arg>
<arg>${pattern}</arg>
<doc>Runs the given keyword with given arguments and returns the status as a Boolean value.</doc>
<kw name="Should Match Regexp" library="BuiltIn">
<arg>${string}</arg>
<arg>${pattern}</arg>
<doc>Fails if ``string`` does not match ``pattern`` as a regular expression.</doc>
<msg timestamp="20240808 15:01:08.240" level="FAIL">'['load:0x403cb700', 'len:0x33d4']' does not match 'SW name:'</msg>
<status status="FAIL" starttime="20240808 15:01:08.240" endtime="20240808 15:01:08.240"/>
</kw>
<msg timestamp="20240808 15:01:08.240" level="INFO">${match} = False</msg>
<status status="PASS" starttime="20240808 15:01:08.240" endtime="20240808 15:01:08.240"/>
</kw>
<kw name="Exit For Loop If" library="BuiltIn">
<arg>${match} == ${true}</arg>
<doc>Stops executing the enclosing FOR loop if the ``condition`` is true.</doc>
<status status="PASS" starttime="20240808 15:01:08.240" endtime="20240808 15:01:08.241"/>
</kw>
<status status="PASS" starttime="20240808 15:01:08.240" endtime="20240808 15:01:08.241"/>
</iter>
<iter>
<var name="${line}">['entry 0x403c8968']</var>
<kw name="Log" library="BuiltIn">
<arg>line: ${line}</arg>
<doc>Logs the given message with the given level.</doc>
<msg timestamp="20240808 15:01:08.241" level="INFO">line: ['entry 0x403c8968']</msg>
<status status="PASS" starttime="20240808 15:01:08.241" endtime="20240808 15:01:08.241"/>
</kw>
<kw name="Convert To String" library="BuiltIn">
<var>${string}</var>
<arg>${line}</arg>
<doc>Converts the given item to a Unicode string.</doc>
<msg timestamp="20240808 15:01:08.241" level="INFO">${string} = ['entry 0x403c8968']</msg>
<status status="PASS" starttime="20240808 15:01:08.241" endtime="20240808 15:01:08.241"/>
</kw>
<kw name="Run Keyword And Return Status" library="BuiltIn">
<var>${match}</var>
<arg>Should Match Regexp</arg>
<arg>${string}</arg>
<arg>${pattern}</arg>
<doc>Runs the given keyword with given arguments and returns the status as a Boolean value.</doc>
<kw name="Should Match Regexp" library="BuiltIn">
<arg>${string}</arg>
<arg>${pattern}</arg>
<doc>Fails if ``string`` does not match ``pattern`` as a regular expression.</doc>
<msg timestamp="20240808 15:01:08.241" level="FAIL">'['entry 0x403c8968']' does not match 'SW name:'</msg>
<status status="FAIL" starttime="20240808 15:01:08.241" endtime="20240808 15:01:08.241"/>
</kw>
<msg timestamp="20240808 15:01:08.242" level="INFO">${match} = False</msg>
<status status="PASS" starttime="20240808 15:01:08.241" endtime="20240808 15:01:08.242"/>
</kw>
<kw name="Exit For Loop If" library="BuiltIn">
<arg>${match} == ${true}</arg>
<doc>Stops executing the enclosing FOR loop if the ``condition`` is true.</doc>
<status status="PASS" starttime="20240808 15:01:08.242" endtime="20240808 15:01:08.242"/>
</kw>
<status status="PASS" starttime="20240808 15:01:08.241" endtime="20240808 15:01:08.242"/>
</iter>
<iter>
<var name="${line}">['I (00:00:00.162) MAIN: Start APP NISO EV!']</var>
<kw name="Log" library="BuiltIn">
<arg>line: ${line}</arg>
<doc>Logs the given message with the given level.</doc>
<msg timestamp="20240808 15:01:08.242" level="INFO">line: ['I (00:00:00.162) MAIN: Start APP NISO EV!']</msg>
<status status="PASS" starttime="20240808 15:01:08.242" endtime="20240808 15:01:08.242"/>
</kw>
<kw name="Convert To String" library="BuiltIn">
<var>${string}</var>
<arg>${line}</arg>
<doc>Converts the given item to a Unicode string.</doc>
<msg timestamp="20240808 15:01:08.242" level="INFO">${string} = ['I (00:00:00.162) MAIN: Start APP NISO EV!']</msg>
<status status="PASS" starttime="20240808 15:01:08.242" endtime="20240808 15:01:08.242"/>
</kw>
<kw name="Run Keyword And Return Status" library="BuiltIn">
<var>${match}</var>
<arg>Should Match Regexp</arg>
<arg>${string}</arg>
<arg>${pattern}</arg>
<doc>Runs the given keyword with given arguments and returns the status as a Boolean value.</doc>
<kw name="Should Match Regexp" library="BuiltIn">
<arg>${string}</arg>
<arg>${pattern}</arg>
<doc>Fails if ``string`` does not match ``pattern`` as a regular expression.</doc>
<msg timestamp="20240808 15:01:08.243" level="FAIL">'['I (00:00:00.162) MAIN: Start APP NISO EV!']' does not match 'SW name:'</msg>
<status status="FAIL" starttime="20240808 15:01:08.243" endtime="20240808 15:01:08.243"/>
</kw>
<msg timestamp="20240808 15:01:08.243" level="INFO">${match} = False</msg>
<status status="PASS" starttime="20240808 15:01:08.242" endtime="20240808 15:01:08.243"/>
</kw>
<kw name="Exit For Loop If" library="BuiltIn">
<arg>${match} == ${true}</arg>
<doc>Stops executing the enclosing FOR loop if the ``condition`` is true.</doc>
<status status="PASS" starttime="20240808 15:01:08.243" endtime="20240808 15:01:08.244"/>
</kw>
<status status="PASS" starttime="20240808 15:01:08.242" endtime="20240808 15:01:08.244"/>
</iter>
<iter>
<var name="${line}">[]</var>
<kw name="Log" library="BuiltIn">
<arg>line: ${line}</arg>
<doc>Logs the given message with the given level.</doc>
<msg timestamp="20240808 15:01:08.244" level="INFO">line: []</msg>
<status status="PASS" starttime="20240808 15:01:08.244" endtime="20240808 15:01:08.244"/>
</kw>
<kw name="Convert To String" library="BuiltIn">
<var>${string}</var>
<arg>${line}</arg>
<doc>Converts the given item to a Unicode string.</doc>
<msg timestamp="20240808 15:01:08.244" level="INFO">${string} = []</msg>
<status status="PASS" starttime="20240808 15:01:08.244" endtime="20240808 15:01:08.244"/>
</kw>
<kw name="Run Keyword And Return Status" library="BuiltIn">
<var>${match}</var>
<arg>Should Match Regexp</arg>
<arg>${string}</arg>
<arg>${pattern}</arg>
<doc>Runs the given keyword with given arguments and returns the status as a Boolean value.</doc>
<kw name="Should Match Regexp" library="BuiltIn">
<arg>${string}</arg>
<arg>${pattern}</arg>
<doc>Fails if ``string`` does not match ``pattern`` as a regular expression.</doc>
<msg timestamp="20240808 15:01:08.244" level="FAIL">'[]' does not match 'SW name:'</msg>
<status status="FAIL" starttime="20240808 15:01:08.244" endtime="20240808 15:01:08.245"/>
</kw>
<msg timestamp="20240808 15:01:08.245" level="INFO">${match} = False</msg>
<status status="PASS" starttime="20240808 15:01:08.244" endtime="20240808 15:01:08.245"/>
</kw>
<kw name="Exit For Loop If" library="BuiltIn">
<arg>${match} == ${true}</arg>
<doc>Stops executing the enclosing FOR loop if the ``condition`` is true.</doc>
<status status="PASS" starttime="20240808 15:01:08.245" endtime="20240808 15:01:08.245"/>
</kw>
<status status="PASS" starttime="20240808 15:01:08.244" endtime="20240808 15:01:08.245"/>
</iter>
<iter>
<var name="${line}">['I (00:00:00.162) MAIN: This is esp32s3 chip with 2 CPU core(s)', ' WiFi/BLE', ' ']</var>
<kw name="Log" library="BuiltIn">
<arg>line: ${line}</arg>
<doc>Logs the given message with the given level.</doc>
<msg timestamp="20240808 15:01:08.245" level="INFO">line: ['I (00:00:00.162) MAIN: This is esp32s3 chip with 2 CPU core(s)', ' WiFi/BLE', ' ']</msg>
<status status="PASS" starttime="20240808 15:01:08.245" endtime="20240808 15:01:08.245"/>
</kw>
<kw name="Convert To String" library="BuiltIn">
<var>${string}</var>
<arg>${line}</arg>
<doc>Converts the given item to a Unicode string.</doc>
<msg timestamp="20240808 15:01:08.245" level="INFO">${string} = ['I (00:00:00.162) MAIN: This is esp32s3 chip with 2 CPU core(s)', ' WiFi/BLE', ' ']</msg>
<status status="PASS" starttime="20240808 15:01:08.245" endtime="20240808 15:01:08.245"/>
</kw>
<kw name="Run Keyword And Return Status" library="BuiltIn">
<var>${match}</var>
<arg>Should Match Regexp</arg>
<arg>${string}</arg>
<arg>${pattern}</arg>
<doc>Runs the given keyword with given arguments and returns the status as a Boolean value.</doc>
<kw name="Should Match Regexp" library="BuiltIn">
<arg>${string}</arg>
<arg>${pattern}</arg>
<doc>Fails if ``string`` does not match ``pattern`` as a regular expression.</doc>
<msg timestamp="20240808 15:01:08.246" level="FAIL">'['I (00:00:00.162) MAIN: This is esp32s3 chip with 2 CPU core(s)', ' WiFi/BLE', ' ']' does not match 'SW name:'</msg>
<status status="FAIL" starttime="20240808 15:01:08.245" endtime="20240808 15:01:08.246"/>
</kw>
<msg timestamp="20240808 15:01:08.246" level="INFO">${match} = False</msg>
<status status="PASS" starttime="20240808 15:01:08.245" endtime="20240808 15:01:08.246"/>
</kw>
<kw name="Exit For Loop If" library="BuiltIn">
<arg>${match} == ${true}</arg>
<doc>Stops executing the enclosing FOR loop if the ``condition`` is true.</doc>
<status status="PASS" starttime="20240808 15:01:08.246" endtime="20240808 15:01:08.246"/>
</kw>
<status status="PASS" starttime="20240808 15:01:08.245" endtime="20240808 15:01:08.246"/>
</iter>
<iter>
<var name="${line}">['I (00:00:00.163) MAIN: silicon revision v0.1', ' ']</var>
<kw name="Log" library="BuiltIn">
<arg>line: ${line}</arg>
<doc>Logs the given message with the given level.</doc>
<msg timestamp="20240808 15:01:08.246" level="INFO">line: ['I (00:00:00.163) MAIN: silicon revision v0.1', ' ']</msg>
<status status="PASS" starttime="20240808 15:01:08.246" endtime="20240808 15:01:08.246"/>
</kw>
<kw name="Convert To String" library="BuiltIn">
<var>${string}</var>
<arg>${line}</arg>
<doc>Converts the given item to a Unicode string.</doc>
<msg timestamp="20240808 15:01:08.246" level="INFO">${string} = ['I (00:00:00.163) MAIN: silicon revision v0.1', ' ']</msg>
<status status="PASS" starttime="20240808 15:01:08.246" endtime="20240808 15:01:08.246"/>
</kw>
<kw name="Run Keyword And Return Status" library="BuiltIn">
<var>${match}</var>
<arg>Should Match Regexp</arg>
<arg>${string}</arg>
<arg>${pattern}</arg>
<doc>Runs the given keyword with given arguments and returns the status as a Boolean value.</doc>
<kw name="Should Match Regexp" library="BuiltIn">
<arg>${string}</arg>
<arg>${pattern}</arg>
<doc>Fails if ``string`` does not match ``pattern`` as a regular expression.</doc>
<msg timestamp="20240808 15:01:08.247" level="FAIL">'['I (00:00:00.163) MAIN: silicon revision v0.1', ' ']' does not match 'SW name:'</msg>
<status status="FAIL" starttime="20240808 15:01:08.246" endtime="20240808 15:01:08.247"/>
</kw>
<msg timestamp="20240808 15:01:08.247" level="INFO">${match} = False</msg>
<status status="PASS" starttime="20240808 15:01:08.246" endtime="20240808 15:01:08.247"/>
</kw>
<kw name="Exit For Loop If" library="BuiltIn">
<arg>${match} == ${true}</arg>
<doc>Stops executing the enclosing FOR loop if the ``condition`` is true.</doc>
<status status="PASS" starttime="20240808 15:01:08.247" endtime="20240808 15:01:08.247"/>
</kw>
<status status="PASS" starttime="20240808 15:01:08.246" endtime="20240808 15:01:08.247"/>
</iter>
<iter>
<var name="${line}">['I (00:00:00.168) MAIN: 32MB external flash']</var>
<kw name="Log" library="BuiltIn">
<arg>line: ${line}</arg>
<doc>Logs the given message with the given level.</doc>
<msg timestamp="20240808 15:01:08.247" level="INFO">line: ['I (00:00:00.168) MAIN: 32MB external flash']</msg>
<status status="PASS" starttime="20240808 15:01:08.247" endtime="20240808 15:01:08.247"/>
</kw>
<kw name="Convert To String" library="BuiltIn">
<var>${string}</var>
<arg>${line}</arg>
<doc>Converts the given item to a Unicode string.</doc>
<msg timestamp="20240808 15:01:08.247" level="INFO">${string} = ['I (00:00:00.168) MAIN: 32MB external flash']</msg>
<status status="PASS" starttime="20240808 15:01:08.247" endtime="20240808 15:01:08.247"/>
</kw>
<kw name="Run Keyword And Return Status" library="BuiltIn">
<var>${match}</var>
<arg>Should Match Regexp</arg>
<arg>${string}</arg>
<arg>${pattern}</arg>
<doc>Runs the given keyword with given arguments and returns the status as a Boolean value.</doc>
<kw name="Should Match Regexp" library="BuiltIn">
<arg>${string}</arg>
<arg>${pattern}</arg>
<doc>Fails if ``string`` does not match ``pattern`` as a regular expression.</doc>
<msg timestamp="20240808 15:01:08.248" level="FAIL">'['I (00:00:00.168) MAIN: 32MB external flash']' does not match 'SW name:'</msg>
<status status="FAIL" starttime="20240808 15:01:08.248" endtime="20240808 15:01:08.248"/>
</kw>
<msg timestamp="20240808 15:01:08.248" level="INFO">${match} = False</msg>
<status status="PASS" starttime="20240808 15:01:08.248" endtime="20240808 15:01:08.248"/>
</kw>
<kw name="Exit For Loop If" library="BuiltIn">
<arg>${match} == ${true}</arg>
<doc>Stops executing the enclosing FOR loop if the ``condition`` is true.</doc>
<status status="PASS" starttime="20240808 15:01:08.248" endtime="20240808 15:01:08.248"/>
</kw>
<status status="PASS" starttime="20240808 15:01:08.247" endtime="20240808 15:01:08.248"/>
</iter>
<iter>
<var name="${line}">[]</var>
<kw name="Log" library="BuiltIn">
<arg>line: ${line}</arg>
<doc>Logs the given message with the given level.</doc>
<msg timestamp="20240808 15:01:08.249" level="INFO">line: []</msg>
<status status="PASS" starttime="20240808 15:01:08.248" endtime="20240808 15:01:08.249"/>
</kw>
<kw name="Convert To String" library="BuiltIn">
<var>${string}</var>
<arg>${line}</arg>
<doc>Converts the given item to a Unicode string.</doc>
<msg timestamp="20240808 15:01:08.249" level="INFO">${string} = []</msg>
<status status="PASS" starttime="20240808 15:01:08.249" endtime="20240808 15:01:08.249"/>
</kw>
<kw name="Run Keyword And Return Status" library="BuiltIn">
<var>${match}</var>
<arg>Should Match Regexp</arg>
<arg>${string}</arg>
<arg>${pattern}</arg>
<doc>Runs the given keyword with given arguments and returns the status as a Boolean value.</doc>
<kw name="Should Match Regexp" library="BuiltIn">
<arg>${string}</arg>
<arg>${pattern}</arg>
<doc>Fails if ``string`` does not match ``pattern`` as a regular expression.</doc>
<msg timestamp="20240808 15:01:08.249" level="FAIL">'[]' does not match 'SW name:'</msg>
<status status="FAIL" starttime="20240808 15:01:08.249" endtime="20240808 15:01:08.249"/>
</kw>
<msg timestamp="20240808 15:01:08.249" level="INFO">${match} = False</msg>
<status status="PASS" starttime="20240808 15:01:08.249" endtime="20240808 15:01:08.249"/>
</kw>
<kw name="Exit For Loop If" library="BuiltIn">
<arg>${match} == ${true}</arg>
<doc>Stops executing the enclosing FOR loop if the ``condition`` is true.</doc>
<status status="PASS" starttime="20240808 15:01:08.249" endtime="20240808 15:01:08.250"/>
</kw>
<status status="PASS" starttime="20240808 15:01:08.248" endtime="20240808 15:01:08.250"/>
</iter>
<iter>
<var name="${line}">['I (00:00:00.173) MAIN: Minimum free heap size: 6962916 bytes']</var>
<kw name="Log" library="BuiltIn">
<arg>line: ${line}</arg>
<doc>Logs the given message with the given level.</doc>
<msg timestamp="20240808 15:01:08.250" level="INFO">line: ['I (00:00:00.173) MAIN: Minimum free heap size: 6962916 bytes']</msg>
<status status="PASS" starttime="20240808 15:01:08.250" endtime="20240808 15:01:08.250"/>
</kw>
<kw name="Convert To String" library="BuiltIn">
<var>${string}</var>
<arg>${line}</arg>
<doc>Converts the given item to a Unicode string.</doc>
<msg timestamp="20240808 15:01:08.250" level="INFO">${string} = ['I (00:00:00.173) MAIN: Minimum free heap size: 6962916 bytes']</msg>
<status status="PASS" starttime="20240808 15:01:08.250" endtime="20240808 15:01:08.250"/>
</kw>
<kw name="Run Keyword And Return Status" library="BuiltIn">
<var>${match}</var>
<arg>Should Match Regexp</arg>
<arg>${string}</arg>
<arg>${pattern}</arg>
<doc>Runs the given keyword with given arguments and returns the status as a Boolean value.</doc>
<kw name="Should Match Regexp" library="BuiltIn">
<arg>${string}</arg>
<arg>${pattern}</arg>
<doc>Fails if ``string`` does not match ``pattern`` as a regular expression.</doc>
<msg timestamp="20240808 15:01:08.251" level="FAIL">'['I (00:00:00.173) MAIN: Minimum free heap size: 6962916 bytes']' does not match 'SW name:'</msg>
<status status="FAIL" starttime="20240808 15:01:08.251" endtime="20240808 15:01:08.251"/>
</kw>
<msg timestamp="20240808 15:01:08.251" level="INFO">${match} = False</msg>
<status status="PASS" starttime="20240808 15:01:08.250" endtime="20240808 15:01:08.251"/>
</kw>
<kw name="Exit For Loop If" library="BuiltIn">
<arg>${match} == ${true}</arg>
<doc>Stops executing the enclosing FOR loop if the ``condition`` is true.</doc>
<status status="PASS" starttime="20240808 15:01:08.251" endtime="20240808 15:01:08.251"/>
</kw>
<status status="PASS" starttime="20240808 15:01:08.250" endtime="20240808 15:01:08.251"/>
</iter>
<iter>
<var name="${line}">[]</var>
<kw name="Log" library="BuiltIn">
<arg>line: ${line}</arg>
<doc>Logs the given message with the given level.</doc>
<msg timestamp="20240808 15:01:08.251" level="INFO">line: []</msg>
<status status="PASS" starttime="20240808 15:01:08.251" endtime="20240808 15:01:08.251"/>
</kw>
<kw name="Convert To String" library="BuiltIn">
<var>${string}</var>
<arg>${line}</arg>
<doc>Converts the given item to a Unicode string.</doc>
<msg timestamp="20240808 15:01:08.252" level="INFO">${string} = []</msg>
<status status="PASS" starttime="20240808 15:01:08.251" endtime="20240808 15:01:08.252"/>
</kw>
<kw name="Run Keyword And Return Status" library="BuiltIn">
<var>${match}</var>
<arg>Should Match Regexp</arg>
<arg>${string}</arg>
<arg>${pattern}</arg>
<doc>Runs the given keyword with given arguments and returns the status as a Boolean value.</doc>
<kw name="Should Match Regexp" library="BuiltIn">
<arg>${string}</arg>
<arg>${pattern}</arg>
<doc>Fails if ``string`` does not match ``pattern`` as a regular expression.</doc>
<msg timestamp="20240808 15:01:08.252" level="FAIL">'[]' does not match 'SW name:'</msg>
<status status="FAIL" starttime="20240808 15:01:08.252" endtime="20240808 15:01:08.252"/>
</kw>
<msg timestamp="20240808 15:01:08.252" level="INFO">${match} = False</msg>
<status status="PASS" starttime="20240808 15:01:08.252" endtime="20240808 15:01:08.252"/>
</kw>
<kw name="Exit For Loop If" library="BuiltIn">
<arg>${match} == ${true}</arg>
<doc>Stops executing the enclosing FOR loop if the ``condition`` is true.</doc>
<status status="PASS" starttime="20240808 15:01:08.252" endtime="20240808 15:01:08.252"/>
</kw>
<status status="PASS" starttime="20240808 15:01:08.251" endtime="20240808 15:01:08.252"/>
</iter>
<iter>
<var name="${line}">['I (00:00:00.179) MAIN: Free memory: 6962916 bytes']</var>
<kw name="Log" library="BuiltIn">
<arg>line: ${line}</arg>
<doc>Logs the given message with the given level.</doc>
<msg timestamp="20240808 15:01:08.252" level="INFO">line: ['I (00:00:00.179) MAIN: Free memory: 6962916 bytes']</msg>
<status status="PASS" starttime="20240808 15:01:08.252" endtime="20240808 15:01:08.252"/>
</kw>
<kw name="Convert To String" library="BuiltIn">
<var>${string}</var>
<arg>${line}</arg>
<doc>Converts the given item to a Unicode string.</doc>
<msg timestamp="20240808 15:01:08.253" level="INFO">${string} = ['I (00:00:00.179) MAIN: Free memory: 6962916 bytes']</msg>
<status status="PASS" starttime="20240808 15:01:08.253" endtime="20240808 15:01:08.253"/>
</kw>
<kw name="Run Keyword And Return Status" library="BuiltIn">
<var>${match}</var>
<arg>Should Match Regexp</arg>
<arg>${string}</arg>
<arg>${pattern}</arg>
<doc>Runs the given keyword with given arguments and returns the status as a Boolean value.</doc>
<kw name="Should Match Regexp" library="BuiltIn">
<arg>${string}</arg>
<arg>${pattern}</arg>
<doc>Fails if ``string`` does not match ``pattern`` as a regular expression.</doc>
<msg timestamp="20240808 15:01:08.253" level="FAIL">'['I (00:00:00.179) MAIN: Free memory: 6962916 bytes']' does not match 'SW name:'</msg>
<status status="FAIL" starttime="20240808 15:01:08.253" endtime="20240808 15:01:08.253"/>
</kw>
<msg timestamp="20240808 15:01:08.253" level="INFO">${match} = False</msg>
<status status="PASS" starttime="20240808 15:01:08.253" endtime="20240808 15:01:08.253"/>
</kw>
<kw name="Exit For Loop If" library="BuiltIn">
<arg>${match} == ${true}</arg>
<doc>Stops executing the enclosing FOR loop if the ``condition`` is true.</doc>
<status status="PASS" starttime="20240808 15:01:08.253" endtime="20240808 15:01:08.253"/>
</kw>
<status status="PASS" starttime="20240808 15:01:08.252" endtime="20240808 15:01:08.253"/>
</iter>
<iter>
<var name="${line}">['I (00:00:00.184) MAIN: IDF version: v5.3-rc1']</var>
<kw name="Log" library="BuiltIn">
<arg>line: ${line}</arg>
<doc>Logs the given message with the given level.</doc>
<msg timestamp="20240808 15:01:08.253" level="INFO">line: ['I (00:00:00.184) MAIN: IDF version: v5.3-rc1']</msg>
<status status="PASS" starttime="20240808 15:01:08.253" endtime="20240808 15:01:08.253"/>
</kw>
<kw name="Convert To String" library="BuiltIn">
<var>${string}</var>
<arg>${line}</arg>
<doc>Converts the given item to a Unicode string.</doc>
<msg timestamp="20240808 15:01:08.253" level="INFO">${string} = ['I (00:00:00.184) MAIN: IDF version: v5.3-rc1']</msg>
<status status="PASS" starttime="20240808 15:01:08.253" endtime="20240808 15:01:08.253"/>
</kw>
<kw name="Run Keyword And Return Status" library="BuiltIn">
<var>${match}</var>
<arg>Should Match Regexp</arg>
<arg>${string}</arg>
<arg>${pattern}</arg>
<doc>Runs the given keyword with given arguments and returns the status as a Boolean value.</doc>
<kw name="Should Match Regexp" library="BuiltIn">
<arg>${string}</arg>
<arg>${pattern}</arg>
<doc>Fails if ``string`` does not match ``pattern`` as a regular expression.</doc>
<msg timestamp="20240808 15:01:08.255" level="FAIL">'['I (00:00:00.184) MAIN: IDF version: v5.3-rc1']' does not match 'SW name:'</msg>
<status status="FAIL" starttime="20240808 15:01:08.254" endtime="20240808 15:01:08.255"/>
</kw>
<msg timestamp="20240808 15:01:08.255" level="INFO">${match} = False</msg>
<status status="PASS" starttime="20240808 15:01:08.253" endtime="20240808 15:01:08.255"/>
</kw>
<kw name="Exit For Loop If" library="BuiltIn">
<arg>${match} == ${true}</arg>
<doc>Stops executing the enclosing FOR loop if the ``condition`` is true.</doc>
<status status="PASS" starttime="20240808 15:01:08.255" endtime="20240808 15:01:08.255"/>
</kw>
<status status="PASS" starttime="20240808 15:01:08.253" endtime="20240808 15:01:08.255"/>
</iter>
<iter>
<var name="${line}">['I (00:00:00.189) MAIN: SW name: NISO_v0.15']</var>
<kw name="Log" library="BuiltIn">
<arg>line: ${line}</arg>
<doc>Logs the given message with the given level.</doc>
<msg timestamp="20240808 15:01:08.255" level="INFO">line: ['I (00:00:00.189) MAIN: SW name: NISO_v0.15']</msg>
<status status="PASS" starttime="20240808 15:01:08.255" endtime="20240808 15:01:08.255"/>
</kw>
<kw name="Convert To String" library="BuiltIn">
<var>${string}</var>
<arg>${line}</arg>
<doc>Converts the given item to a Unicode string.</doc>
<msg timestamp="20240808 15:01:08.255" level="INFO">${string} = ['I (00:00:00.189) MAIN: SW name: NISO_v0.15']</msg>
<status status="PASS" starttime="20240808 15:01:08.255" endtime="20240808 15:01:08.255"/>
</kw>
<kw name="Run Keyword And Return Status" library="BuiltIn">
<var>${match}</var>
<arg>Should Match Regexp</arg>
<arg>${string}</arg>
<arg>${pattern}</arg>
<doc>Runs the given keyword with given arguments and returns the status as a Boolean value.</doc>
<kw name="Should Match Regexp" library="BuiltIn">
<arg>${string}</arg>
<arg>${pattern}</arg>
<doc>Fails if ``string`` does not match ``pattern`` as a regular expression.</doc>
<status status="PASS" starttime="20240808 15:01:08.255" endtime="20240808 15:01:08.255"/>
</kw>
<msg timestamp="20240808 15:01:08.255" level="INFO">${match} = True</msg>
<status status="PASS" starttime="20240808 15:01:08.255" endtime="20240808 15:01:08.255"/>
</kw>
<kw name="Exit For Loop If" library="BuiltIn">
<arg>${match} == ${true}</arg>
<doc>Stops executing the enclosing FOR loop if the ``condition`` is true.</doc>
<msg timestamp="20240808 15:01:08.255" level="INFO">Exiting for loop altogether.</msg>
<status status="PASS" starttime="20240808 15:01:08.255" endtime="20240808 15:01:08.255"/>
</kw>
<status status="PASS" starttime="20240808 15:01:08.255" endtime="20240808 15:01:08.255"/>
</iter>
<status status="PASS" starttime="20240808 15:01:08.226" endtime="20240808 15:01:08.255"/>
</for>
<msg timestamp="20240808 15:01:08.257" level="INFO">${lines} = ['I (00:00:00.189) MAIN: SW name: NISO_v0.15']</msg>
<status status="PASS" starttime="20240808 15:01:08.225" endtime="20240808 15:01:08.257"/>
</kw>
<kw name="Convert To String" library="BuiltIn">
<var>${line}</var>
<arg>${lines}</arg>
<doc>Converts the given item to a Unicode string.</doc>
<msg timestamp="20240808 15:01:08.257" level="INFO">${line} = ['I (00:00:00.189) MAIN: SW name: NISO_v0.15']</msg>
<status status="PASS" starttime="20240808 15:01:08.257" endtime="20240808 15:01:08.257"/>
</kw>
<kw name="Get Substring" library="String">
<var>${sw_Value}</var>
<arg>${line}</arg>
<arg>-12</arg>
<arg>-2</arg>
<doc>Returns a substring from ``start`` index to ``end`` index.</doc>
<msg timestamp="20240808 15:01:08.257" level="INFO">${sw_Value} = NISO_v0.15</msg>
<status status="PASS" starttime="20240808 15:01:08.257" endtime="20240808 15:01:08.257"/>
</kw>
<status status="PASS" starttime="20240808 15:01:08.224" endtime="20240808 15:01:08.257"/>
</kw>
<msg timestamp="20240808 15:01:08.257" level="INFO">${SW} = NISO_v0.15</msg>
<status status="PASS" starttime="20240808 15:01:08.223" endtime="20240808 15:01:08.257"/>
</kw>
<kw name="Set Suite Documentation" library="BuiltIn">
<arg>Tests full charging cycle on connector 2 from cable plugin to charging state. LED functionality, CP/PP values, states and voltage throughput are verified.\n\nMAC-Address: ${MAC} \n\nSoftware Version: ${SW}</arg>
<doc>Sets documentation for the current test suite.</doc>
<msg timestamp="20240808 15:01:08.258" level="INFO">Set suite documentation to:
Tests full charging cycle on connector 2 from cable plugin to charging state. LED functionality, CP/PP values, states and voltage throughput are verified.

MAC-Address: 348518A1DC84 

Software Version: NISO_v0.15</msg>
<status status="PASS" starttime="20240808 15:01:08.258" endtime="20240808 15:01:08.259"/>
</kw>
<status status="PASS" starttime="20240808 15:01:08.218" endtime="20240808 15:01:08.259"/>
</test>
<test id="s1-t2" name="Start Charging Cycle On Both Ports Staggered for loadBalancing Validation." line="40">
<kw name="Check State Cable Connected" library="State_Cycle_Test_Port_1">
<arg>${ser}</arg>
<doc>This test case checks if the PP cable is connected.</doc>
<kw name="Simulate Cable Plugin" library="State_Cycle_Test_Port_1">
<var>${data}</var>
<arg>${relay_0}</arg>
<arg>${ser}</arg>
<kw name="Start Relay" library="main">
<arg>${relay}</arg>
<status status="PASS" starttime="20240808 15:01:08.261" endtime="20240808 15:01:08.387"/>
</kw>
<kw name="Collect State" library="main">
<var>${data}</var>
<arg>${ser}</arg>
<msg timestamp="20240808 15:01:08.453" level="INFO">${data} = [0;32mI (01:00:17.914) CHARGER: State 1: CH_STATE_CABLE_CONN[0m</msg>
<status status="PASS" starttime="20240808 15:01:08.387" endtime="20240808 15:01:08.453"/>
</kw>
<kw name="Sleep" library="BuiltIn">
<arg>2s</arg>
<doc>Pauses the test executed for the given time.</doc>
<msg timestamp="20240808 15:01:10.454" level="INFO">Slept 2 seconds</msg>
<status status="PASS" starttime="20240808 15:01:08.454" endtime="20240808 15:01:10.454"/>
</kw>
<kw name="Return From Keyword" library="BuiltIn">
<arg>${data}</arg>
<doc>Returns from the enclosing user keyword.</doc>
<msg timestamp="20240808 15:01:10.455" level="INFO">Returning from the enclosing user keyword.</msg>
<status status="PASS" starttime="20240808 15:01:10.455" endtime="20240808 15:01:10.455"/>
</kw>
<msg timestamp="20240808 15:01:10.455" level="INFO">${data} = [0;32mI (01:00:17.914) CHARGER: State 1: CH_STATE_CABLE_CONN[0m</msg>
<status status="PASS" starttime="20240808 15:01:08.261" endtime="20240808 15:01:10.455"/>
</kw>
<kw name="Check State And CP/PP Value" library="State_Cycle_Test_Port_1">
<arg>${data}</arg>
<arg>${state_cable_con}</arg>
<kw name="Get CP/PP Value" library="main">
<var>${PP}</var>
<arg>${PP_channel}</arg>
<msg timestamp="20240808 15:01:10.513" level="INFO">${PP} = 6.673040793796488</msg>
<status status="PASS" starttime="20240808 15:01:10.455" endtime="20240808 15:01:10.513"/>
</kw>
<kw name="Get CP/PP Value" library="main">
<var>${CP}</var>
<arg>${CP_channel}</arg>
<msg timestamp="20240808 15:01:10.537" level="INFO">${CP} = 10.837111709515394</msg>
<status status="PASS" starttime="20240808 15:01:10.514" endtime="20240808 15:01:10.537"/>
</kw>
<kw name="Run Keyword If" library="BuiltIn">
<arg>"'${state}' in ${data}"</arg>
<arg>Run Keywords</arg>
<doc>Runs the given keyword with the given arguments, if ``condition`` is true.</doc>
<kw name="Run Keywords" library="BuiltIn">
<doc>Executes all the given keywords in a sequence.</doc>
<status status="PASS" starttime="20240808 15:01:10.537" endtime="20240808 15:01:10.537"/>
</kw>
<status status="PASS" starttime="20240808 15:01:10.537" endtime="20240808 15:01:10.539"/>
</kw>
<kw name="Should Be True" library="BuiltIn">
<arg>${PP} &gt;= ${PP_min[${state}]} and ${PP} &lt;= ${PP_max[${state}]}</arg>
<doc>Fails if the given condition is not true.</doc>
<status status="PASS" starttime="20240808 15:01:10.539" endtime="20240808 15:01:10.540"/>
</kw>
<kw name="Should Be True" library="BuiltIn">
<arg>${CP} &gt;= ${CP_min[${state}]} and ${CP} &lt;= ${CP_max[${state}]}</arg>
<doc>Fails if the given condition is not true.</doc>
<status status="PASS" starttime="20240808 15:01:10.540" endtime="20240808 15:01:10.540"/>
</kw>
<kw name="Should Contain" library="BuiltIn">
<arg>${data}</arg>
<arg>${connector_1}</arg>
<arg>msg=Connector Error</arg>
<doc>Fails if ``container`` does not contain ``item`` one or more times.</doc>
<status status="PASS" starttime="20240808 15:01:10.540" endtime="20240808 15:01:10.540"/>
</kw>
<kw name="Should Contain" library="BuiltIn">
<arg>${data}</arg>
<arg>${state}</arg>
<arg>msg=State Error</arg>
<doc>Fails if ``container`` does not contain ``item`` one or more times.</doc>
<status status="PASS" starttime="20240808 15:01:10.540" endtime="20240808 15:01:10.540"/>
</kw>
<status status="PASS" starttime="20240808 15:01:10.455" endtime="20240808 15:01:10.541"/>
</kw>
<status status="PASS" starttime="20240808 15:01:08.261" endtime="20240808 15:01:10.541"/>
</kw>
<kw name="Check State Cable Connected" library="State_Cycle_Test_Port_2">
<arg>${ser}</arg>
<doc>This test case checks if the PP cable is connected.</doc>
<kw name="Simulate Cable Plugin" library="State_Cycle_Test_Port_2">
<var>${data}</var>
<arg>${relay_4}</arg>
<arg>${ser}</arg>
<kw name="Start Relay" library="main">
<arg>${relay}</arg>
<status status="PASS" starttime="20240808 15:01:10.541" endtime="20240808 15:01:10.546"/>
</kw>
<kw name="Collect State" library="main">
<var>${data}</var>
<arg>${ser}</arg>
<msg timestamp="20240808 15:01:10.661" level="INFO">${data} = [0;32mI (01:00:20.109) CHARGER: State 2: CH_STATE_CABLE_CONN[0m</msg>
<status status="PASS" starttime="20240808 15:01:10.546" endtime="20240808 15:01:10.661"/>
</kw>
<kw name="Sleep" library="BuiltIn">
<arg>2s</arg>
<doc>Pauses the test executed for the given time.</doc>
<msg timestamp="20240808 15:01:12.661" level="INFO">Slept 2 seconds</msg>
<status status="PASS" starttime="20240808 15:01:10.661" endtime="20240808 15:01:12.661"/>
</kw>
<kw name="Log" library="BuiltIn">
<arg>${data}</arg>
<doc>Logs the given message with the given level.</doc>
<msg timestamp="20240808 15:01:12.661" level="INFO">[0;32mI (01:00:20.109) CHARGER: State 2: CH_STATE_CABLE_CONN[0m</msg>
<status status="PASS" starttime="20240808 15:01:12.661" endtime="20240808 15:01:12.661"/>
</kw>
<kw name="Return From Keyword" library="BuiltIn">
<arg>${data}</arg>
<doc>Returns from the enclosing user keyword.</doc>
<msg timestamp="20240808 15:01:12.662" level="INFO">Returning from the enclosing user keyword.</msg>
<status status="PASS" starttime="20240808 15:01:12.662" endtime="20240808 15:01:12.662"/>
</kw>
<msg timestamp="20240808 15:01:12.662" level="INFO">${data} = [0;32mI (01:00:20.109) CHARGER: State 2: CH_STATE_CABLE_CONN[0m</msg>
<status status="PASS" starttime="20240808 15:01:10.541" endtime="20240808 15:01:12.662"/>
</kw>
<kw name="Check State And CP/PP Value" library="State_Cycle_Test_Port_2">
<arg>${data}</arg>
<arg>${state_cable_con}</arg>
<kw name="Get CP/PP Value" library="main">
<var>${PP}</var>
<arg>${PP_channel_port_2}</arg>
<msg timestamp="20240808 15:01:12.686" level="INFO">${PP} = 6.911549755263089</msg>
<status status="PASS" starttime="20240808 15:01:12.662" endtime="20240808 15:01:12.686"/>
</kw>
<kw name="Get CP/PP Value" library="main">
<var>${CP}</var>
<arg>${CP_channel_port_2}</arg>
<msg timestamp="20240808 15:01:12.710" level="INFO">${CP} = 10.837111709515394</msg>
<status status="PASS" starttime="20240808 15:01:12.686" endtime="20240808 15:01:12.710"/>
</kw>
<kw name="Log" library="BuiltIn">
<arg>${PP}</arg>
<doc>Logs the given message with the given level.</doc>
<msg timestamp="20240808 15:01:12.710" level="INFO">6.911549755263089</msg>
<status status="PASS" starttime="20240808 15:01:12.710" endtime="20240808 15:01:12.710"/>
</kw>
<kw name="Log" library="BuiltIn">
<arg>${CP}</arg>
<doc>Logs the given message with the given level.</doc>
<msg timestamp="20240808 15:01:12.710" level="INFO">10.837111709515394</msg>
<status status="PASS" starttime="20240808 15:01:12.710" endtime="20240808 15:01:12.710"/>
</kw>
<kw name="Sleep" library="BuiltIn">
<arg>1s</arg>
<doc>Pauses the test executed for the given time.</doc>
<msg timestamp="20240808 15:01:13.710" level="INFO">Slept 1 second</msg>
<status status="PASS" starttime="20240808 15:01:12.710" endtime="20240808 15:01:13.710"/>
</kw>
<kw name="Run Keyword If" library="BuiltIn">
<arg>"'${state}' in ${data}"</arg>
<arg>Run Keywords</arg>
<doc>Runs the given keyword with the given arguments, if ``condition`` is true.</doc>
<kw name="Run Keywords" library="BuiltIn">
<doc>Executes all the given keywords in a sequence.</doc>
<status status="PASS" starttime="20240808 15:01:13.710" endtime="20240808 15:01:13.710"/>
</kw>
<status status="PASS" starttime="20240808 15:01:13.710" endtime="20240808 15:01:13.710"/>
</kw>
<kw name="Should Be True" library="BuiltIn">
<arg>${PP} &gt;= ${PP_min[${state}]} and ${PP} &lt;= ${PP_max[${state}]}</arg>
<doc>Fails if the given condition is not true.</doc>
<status status="PASS" starttime="20240808 15:01:13.710" endtime="20240808 15:01:13.712"/>
</kw>
<kw name="Should Be True" library="BuiltIn">
<arg>${CP} &gt;= ${CP_min[${state}]} and ${CP} &lt;= ${CP_max[${state}]}</arg>
<doc>Fails if the given condition is not true.</doc>
<status status="PASS" starttime="20240808 15:01:13.712" endtime="20240808 15:01:13.712"/>
</kw>
<kw name="Log" library="BuiltIn">
<arg>${data}</arg>
<doc>Logs the given message with the given level.</doc>
<msg timestamp="20240808 15:01:13.712" level="INFO">[0;32mI (01:00:20.109) CHARGER: State 2: CH_STATE_CABLE_CONN[0m</msg>
<status status="PASS" starttime="20240808 15:01:13.712" endtime="20240808 15:01:13.712"/>
</kw>
<kw name="Should Contain" library="BuiltIn">
<arg>${data}</arg>
<arg>${connector_2}</arg>
<arg>msg=Connector Error</arg>
<doc>Fails if ``container`` does not contain ``item`` one or more times.</doc>
<status status="PASS" starttime="20240808 15:01:13.712" endtime="20240808 15:01:13.712"/>
</kw>
<kw name="Should Contain" library="BuiltIn">
<arg>${data}</arg>
<arg>${state}</arg>
<arg>msg=State Error</arg>
<doc>Fails if ``container`` does not contain ``item`` one or more times.</doc>
<status status="PASS" starttime="20240808 15:01:13.713" endtime="20240808 15:01:13.713"/>
</kw>
<status status="PASS" starttime="20240808 15:01:12.662" endtime="20240808 15:01:13.713"/>
</kw>
<status status="PASS" starttime="20240808 15:01:10.541" endtime="20240808 15:01:13.713"/>
</kw>
<kw name="Check State Car Connected" library="State_Cycle_Test_Port_1">
<arg>${ser}</arg>
<doc>This test case checks if the CP car connection is established.</doc>
<kw name="Simulate Cable Plugin" library="State_Cycle_Test_Port_1">
<var>${data}</var>
<arg>${relay_1}</arg>
<arg>${ser}</arg>
<kw name="Start Relay" library="main">
<arg>${relay}</arg>
<status status="PASS" starttime="20240808 15:01:13.715" endtime="20240808 15:01:13.719"/>
</kw>
<kw name="Collect State" library="main">
<var>${data}</var>
<arg>${ser}</arg>
<msg timestamp="20240808 15:01:13.797" level="INFO">${data} = [0;32mI (01:00:23.253) CHARGER: State 1: CH_STATE_CAR_CONN[0m</msg>
<status status="PASS" starttime="20240808 15:01:13.719" endtime="20240808 15:01:13.797"/>
</kw>
<kw name="Sleep" library="BuiltIn">
<arg>2s</arg>
<doc>Pauses the test executed for the given time.</doc>
<msg timestamp="20240808 15:01:15.798" level="INFO">Slept 2 seconds</msg>
<status status="PASS" starttime="20240808 15:01:13.797" endtime="20240808 15:01:15.798"/>
</kw>
<kw name="Return From Keyword" library="BuiltIn">
<arg>${data}</arg>
<doc>Returns from the enclosing user keyword.</doc>
<msg timestamp="20240808 15:01:15.798" level="INFO">Returning from the enclosing user keyword.</msg>
<status status="PASS" starttime="20240808 15:01:15.798" endtime="20240808 15:01:15.798"/>
</kw>
<msg timestamp="20240808 15:01:15.799" level="INFO">${data} = [0;32mI (01:00:23.253) CHARGER: State 1: CH_STATE_CAR_CONN[0m</msg>
<status status="PASS" starttime="20240808 15:01:13.714" endtime="20240808 15:01:15.799"/>
</kw>
<kw name="Check State And CP/PP Value" library="State_Cycle_Test_Port_1">
<arg>${data}</arg>
<arg>${state_car_con}</arg>
<kw name="Get CP/PP Value" library="main">
<var>${PP}</var>
<arg>${PP_channel}</arg>
<msg timestamp="20240808 15:01:15.823" level="INFO">${PP} = 6.689138502128467</msg>
<status status="PASS" starttime="20240808 15:01:15.799" endtime="20240808 15:01:15.823"/>
</kw>
<kw name="Get CP/PP Value" library="main">
<var>${CP}</var>
<arg>${CP_channel}</arg>
<msg timestamp="20240808 15:01:15.845" level="INFO">${CP} = 9.05485110928412</msg>
<status status="PASS" starttime="20240808 15:01:15.823" endtime="20240808 15:01:15.845"/>
</kw>
<kw name="Run Keyword If" library="BuiltIn">
<arg>"'${state}' in ${data}"</arg>
<arg>Run Keywords</arg>
<doc>Runs the given keyword with the given arguments, if ``condition`` is true.</doc>
<kw name="Run Keywords" library="BuiltIn">
<doc>Executes all the given keywords in a sequence.</doc>
<status status="PASS" starttime="20240808 15:01:15.845" endtime="20240808 15:01:15.845"/>
</kw>
<status status="PASS" starttime="20240808 15:01:15.845" endtime="20240808 15:01:15.845"/>
</kw>
<kw name="Should Be True" library="BuiltIn">
<arg>${PP} &gt;= ${PP_min[${state}]} and ${PP} &lt;= ${PP_max[${state}]}</arg>
<doc>Fails if the given condition is not true.</doc>
<status status="PASS" starttime="20240808 15:01:15.845" endtime="20240808 15:01:15.846"/>
</kw>
<kw name="Should Be True" library="BuiltIn">
<arg>${CP} &gt;= ${CP_min[${state}]} and ${CP} &lt;= ${CP_max[${state}]}</arg>
<doc>Fails if the given condition is not true.</doc>
<status status="PASS" starttime="20240808 15:01:15.846" endtime="20240808 15:01:15.846"/>
</kw>
<kw name="Should Contain" library="BuiltIn">
<arg>${data}</arg>
<arg>${connector_1}</arg>
<arg>msg=Connector Error</arg>
<doc>Fails if ``container`` does not contain ``item`` one or more times.</doc>
<status status="PASS" starttime="20240808 15:01:15.846" endtime="20240808 15:01:15.846"/>
</kw>
<kw name="Should Contain" library="BuiltIn">
<arg>${data}</arg>
<arg>${state}</arg>
<arg>msg=State Error</arg>
<doc>Fails if ``container`` does not contain ``item`` one or more times.</doc>
<status status="PASS" starttime="20240808 15:01:15.846" endtime="20240808 15:01:15.847"/>
</kw>
<status status="PASS" starttime="20240808 15:01:15.799" endtime="20240808 15:01:15.847"/>
</kw>
<status status="PASS" starttime="20240808 15:01:13.714" endtime="20240808 15:01:15.847"/>
</kw>
<kw name="Check State Car Connected" library="State_Cycle_Test_Port_2">
<arg>${ser}</arg>
<doc>This test case checks if the CP car connection is established.</doc>
<kw name="Simulate Cable Plugin" library="State_Cycle_Test_Port_2">
<var>${data}</var>
<arg>${relay_5}</arg>
<arg>${ser}</arg>
<kw name="Start Relay" library="main">
<arg>${relay}</arg>
<status status="PASS" starttime="20240808 15:01:15.848" endtime="20240808 15:01:15.853"/>
</kw>
<kw name="Collect State" library="main">
<var>${data}</var>
<arg>${ser}</arg>
<msg timestamp="20240808 15:01:15.940" level="INFO">${data} = [0;32mI (01:00:25.394) CHARGER: State 2: CH_STATE_CAR_CONN[0m</msg>
<status status="PASS" starttime="20240808 15:01:15.853" endtime="20240808 15:01:15.940"/>
</kw>
<kw name="Sleep" library="BuiltIn">
<arg>2s</arg>
<doc>Pauses the test executed for the given time.</doc>
<msg timestamp="20240808 15:01:17.940" level="INFO">Slept 2 seconds</msg>
<status status="PASS" starttime="20240808 15:01:15.940" endtime="20240808 15:01:17.940"/>
</kw>
<kw name="Log" library="BuiltIn">
<arg>${data}</arg>
<doc>Logs the given message with the given level.</doc>
<msg timestamp="20240808 15:01:17.941" level="INFO">[0;32mI (01:00:25.394) CHARGER: State 2: CH_STATE_CAR_CONN[0m</msg>
<status status="PASS" starttime="20240808 15:01:17.941" endtime="20240808 15:01:17.941"/>
</kw>
<kw name="Return From Keyword" library="BuiltIn">
<arg>${data}</arg>
<doc>Returns from the enclosing user keyword.</doc>
<msg timestamp="20240808 15:01:17.941" level="INFO">Returning from the enclosing user keyword.</msg>
<status status="PASS" starttime="20240808 15:01:17.941" endtime="20240808 15:01:17.942"/>
</kw>
<msg timestamp="20240808 15:01:17.942" level="INFO">${data} = [0;32mI (01:00:25.394) CHARGER: State 2: CH_STATE_CAR_CONN[0m</msg>
<status status="PASS" starttime="20240808 15:01:15.848" endtime="20240808 15:01:17.942"/>
</kw>
<kw name="Check State And CP/PP Value" library="State_Cycle_Test_Port_2">
<arg>${data}</arg>
<arg>${state_car_con}</arg>
<kw name="Get CP/PP Value" library="main">
<var>${PP}</var>
<arg>${PP_channel_port_2}</arg>
<msg timestamp="20240808 15:01:17.966" level="INFO">${PP} = 6.905307783591908</msg>
<status status="PASS" starttime="20240808 15:01:17.942" endtime="20240808 15:01:17.966"/>
</kw>
<kw name="Get CP/PP Value" library="main">
<var>${CP}</var>
<arg>${CP_channel_port_2}</arg>
<msg timestamp="20240808 15:01:17.988" level="INFO">${CP} = 8.993088128853675</msg>
<status status="PASS" starttime="20240808 15:01:17.966" endtime="20240808 15:01:17.988"/>
</kw>
<kw name="Log" library="BuiltIn">
<arg>${PP}</arg>
<doc>Logs the given message with the given level.</doc>
<msg timestamp="20240808 15:01:17.988" level="INFO">6.905307783591908</msg>
<status status="PASS" starttime="20240808 15:01:17.988" endtime="20240808 15:01:17.988"/>
</kw>
<kw name="Log" library="BuiltIn">
<arg>${CP}</arg>
<doc>Logs the given message with the given level.</doc>
<msg timestamp="20240808 15:01:17.988" level="INFO">8.993088128853675</msg>
<status status="PASS" starttime="20240808 15:01:17.988" endtime="20240808 15:01:17.988"/>
</kw>
<kw name="Sleep" library="BuiltIn">
<arg>1s</arg>
<doc>Pauses the test executed for the given time.</doc>
<msg timestamp="20240808 15:01:18.988" level="INFO">Slept 1 second</msg>
<status status="PASS" starttime="20240808 15:01:17.988" endtime="20240808 15:01:18.988"/>
</kw>
<kw name="Run Keyword If" library="BuiltIn">
<arg>"'${state}' in ${data}"</arg>
<arg>Run Keywords</arg>
<doc>Runs the given keyword with the given arguments, if ``condition`` is true.</doc>
<kw name="Run Keywords" library="BuiltIn">
<doc>Executes all the given keywords in a sequence.</doc>
<status status="PASS" starttime="20240808 15:01:18.989" endtime="20240808 15:01:18.989"/>
</kw>
<status status="PASS" starttime="20240808 15:01:18.989" endtime="20240808 15:01:18.989"/>
</kw>
<kw name="Should Be True" library="BuiltIn">
<arg>${PP} &gt;= ${PP_min[${state}]} and ${PP} &lt;= ${PP_max[${state}]}</arg>
<doc>Fails if the given condition is not true.</doc>
<status status="PASS" starttime="20240808 15:01:18.989" endtime="20240808 15:01:18.989"/>
</kw>
<kw name="Should Be True" library="BuiltIn">
<arg>${CP} &gt;= ${CP_min[${state}]} and ${CP} &lt;= ${CP_max[${state}]}</arg>
<doc>Fails if the given condition is not true.</doc>
<status status="PASS" starttime="20240808 15:01:18.989" endtime="20240808 15:01:18.990"/>
</kw>
<kw name="Log" library="BuiltIn">
<arg>${data}</arg>
<doc>Logs the given message with the given level.</doc>
<msg timestamp="20240808 15:01:18.990" level="INFO">[0;32mI (01:00:25.394) CHARGER: State 2: CH_STATE_CAR_CONN[0m</msg>
<status status="PASS" starttime="20240808 15:01:18.990" endtime="20240808 15:01:18.990"/>
</kw>
<kw name="Should Contain" library="BuiltIn">
<arg>${data}</arg>
<arg>${connector_2}</arg>
<arg>msg=Connector Error</arg>
<doc>Fails if ``container`` does not contain ``item`` one or more times.</doc>
<status status="PASS" starttime="20240808 15:01:18.990" endtime="20240808 15:01:18.990"/>
</kw>
<kw name="Should Contain" library="BuiltIn">
<arg>${data}</arg>
<arg>${state}</arg>
<arg>msg=State Error</arg>
<doc>Fails if ``container`` does not contain ``item`` one or more times.</doc>
<status status="PASS" starttime="20240808 15:01:18.990" endtime="20240808 15:01:18.991"/>
</kw>
<status status="PASS" starttime="20240808 15:01:17.942" endtime="20240808 15:01:18.991"/>
</kw>
<status status="PASS" starttime="20240808 15:01:15.847" endtime="20240808 15:01:18.991"/>
</kw>
<kw name="Log" library="BuiltIn">
<arg>message=Waiting for CH_PWR</arg>
<arg>console=${True}</arg>
<doc>Logs the given message with the given level.</doc>
<msg timestamp="20240808 15:01:18.991" level="INFO">Waiting for CH_PWR</msg>
<status status="PASS" starttime="20240808 15:01:18.991" endtime="20240808 15:01:18.992"/>
</kw>
<kw name="Check State CH PWR" library="State_Cycle_Test_Port_1">
<arg>${ser}</arg>
<doc>This test case checks if charging cloud is true.</doc>
<kw name="Collect State 15 sec" library="main">
<var>${data}</var>
<arg>${ser}</arg>
<arg>${state_ch_PWR}</arg>
<msg timestamp="20240808 15:01:22.805" level="INFO">${data} = [0;32mI (01:00:32.254) CHARGER: State 1: CH_STATE_CH_PWR[0m</msg>
<status status="PASS" starttime="20240808 15:01:18.992" endtime="20240808 15:01:22.805"/>
</kw>
<kw name="Log" library="BuiltIn">
<arg>${data}</arg>
<doc>Logs the given message with the given level.</doc>
<msg timestamp="20240808 15:01:22.805" level="INFO">[0;32mI (01:00:32.254) CHARGER: State 1: CH_STATE_CH_PWR[0m</msg>
<status status="PASS" starttime="20240808 15:01:22.805" endtime="20240808 15:01:22.805"/>
</kw>
<status status="PASS" starttime="20240808 15:01:18.992" endtime="20240808 15:01:22.805"/>
</kw>
<kw name="Check State CH PWR" library="State_Cycle_Test_Port_2">
<arg>${ser}</arg>
<doc>This test case checks if charging cloud is true.</doc>
<kw name="Collect State 15 sec" library="main">
<var>${data}</var>
<arg>${ser}</arg>
<arg>${state_ch_PWR}</arg>
<msg timestamp="20240808 15:01:22.837" level="INFO">${data} = [0;32mI (01:00:32.298) CHARGER: State 2: CH_STATE_CH_PWR[0m</msg>
<status status="PASS" starttime="20240808 15:01:22.806" endtime="20240808 15:01:22.837"/>
</kw>
<kw name="Log" library="BuiltIn">
<arg>${data}</arg>
<doc>Logs the given message with the given level.</doc>
<msg timestamp="20240808 15:01:22.837" level="INFO">[0;32mI (01:00:32.298) CHARGER: State 2: CH_STATE_CH_PWR[0m</msg>
<status status="PASS" starttime="20240808 15:01:22.837" endtime="20240808 15:01:22.837"/>
</kw>
<status status="PASS" starttime="20240808 15:01:22.806" endtime="20240808 15:01:22.837"/>
</kw>
<kw name="Check State Car Requiring Power" library="State_Cycle_Test_Port_1">
<arg>${ser}</arg>
<doc>This test case checks if the CP car requests power.</doc>
<kw name="Simulate Cable Plugin" library="State_Cycle_Test_Port_1">
<var>${data}</var>
<arg>${relay_2}</arg>
<arg>${ser}</arg>
<kw name="Start Relay" library="main">
<arg>${relay}</arg>
<status status="PASS" starttime="20240808 15:01:22.839" endtime="20240808 15:01:22.844"/>
</kw>
<kw name="Collect State" library="main">
<var>${data}</var>
<arg>${ser}</arg>
<msg timestamp="20240808 15:01:22.933" level="INFO">${data} = [0;32mI (01:00:32.390) CHARGER: State 1: CH_STATE_CAR_REQ_PWR[0m</msg>
<status status="PASS" starttime="20240808 15:01:22.844" endtime="20240808 15:01:22.933"/>
</kw>
<kw name="Sleep" library="BuiltIn">
<arg>2s</arg>
<doc>Pauses the test executed for the given time.</doc>
<msg timestamp="20240808 15:01:24.934" level="INFO">Slept 2 seconds</msg>
<status status="PASS" starttime="20240808 15:01:22.933" endtime="20240808 15:01:24.934"/>
</kw>
<kw name="Return From Keyword" library="BuiltIn">
<arg>${data}</arg>
<doc>Returns from the enclosing user keyword.</doc>
<msg timestamp="20240808 15:01:24.934" level="INFO">Returning from the enclosing user keyword.</msg>
<status status="PASS" starttime="20240808 15:01:24.934" endtime="20240808 15:01:24.934"/>
</kw>
<msg timestamp="20240808 15:01:24.934" level="INFO">${data} = [0;32mI (01:00:32.390) CHARGER: State 1: CH_STATE_CAR_REQ_PWR[0m</msg>
<status status="PASS" starttime="20240808 15:01:22.838" endtime="20240808 15:01:24.936"/>
</kw>
<kw name="Check State And CP/PP Value" library="State_Cycle_Test_Port_1">
<arg>${data}</arg>
<arg>${state_car_req}</arg>
<kw name="Get CP/PP Value" library="main">
<var>${PP}</var>
<arg>${PP_channel}</arg>
<msg timestamp="20240808 15:01:24.958" level="INFO">${PP} = 6.678625712949408</msg>
<status status="PASS" starttime="20240808 15:01:24.936" endtime="20240808 15:01:24.959"/>
</kw>
<kw name="Get CP/PP Value" library="main">
<var>${CP}</var>
<arg>${CP_channel}</arg>
<msg timestamp="20240808 15:01:25.117" level="INFO">${CP} = 6.057386000679151</msg>
<status status="PASS" starttime="20240808 15:01:24.959" endtime="20240808 15:01:25.117"/>
</kw>
<kw name="Run Keyword If" library="BuiltIn">
<arg>"'${state}' in ${data}"</arg>
<arg>Run Keywords</arg>
<doc>Runs the given keyword with the given arguments, if ``condition`` is true.</doc>
<kw name="Run Keywords" library="BuiltIn">
<doc>Executes all the given keywords in a sequence.</doc>
<status status="PASS" starttime="20240808 15:01:25.117" endtime="20240808 15:01:25.117"/>
</kw>
<status status="PASS" starttime="20240808 15:01:25.117" endtime="20240808 15:01:25.117"/>
</kw>
<kw name="Should Be True" library="BuiltIn">
<arg>${PP} &gt;= ${PP_min[${state}]} and ${PP} &lt;= ${PP_max[${state}]}</arg>
<doc>Fails if the given condition is not true.</doc>
<status status="PASS" starttime="20240808 15:01:25.117" endtime="20240808 15:01:25.118"/>
</kw>
<kw name="Should Be True" library="BuiltIn">
<arg>${CP} &gt;= ${CP_min[${state}]} and ${CP} &lt;= ${CP_max[${state}]}</arg>
<doc>Fails if the given condition is not true.</doc>
<status status="PASS" starttime="20240808 15:01:25.118" endtime="20240808 15:01:25.118"/>
</kw>
<kw name="Should Contain" library="BuiltIn">
<arg>${data}</arg>
<arg>${connector_1}</arg>
<arg>msg=Connector Error</arg>
<doc>Fails if ``container`` does not contain ``item`` one or more times.</doc>
<status status="PASS" starttime="20240808 15:01:25.118" endtime="20240808 15:01:25.118"/>
</kw>
<kw name="Should Contain" library="BuiltIn">
<arg>${data}</arg>
<arg>${state}</arg>
<arg>msg=State Error</arg>
[...]
</kw>
<kw name="Collect State" library="main">
<var>${data}</var>
<arg>${ser}</arg>
<msg timestamp="20240808 15:03:59.013" level="INFO">${data} = [0;32mI (01:03:08.454) CHARGER: State 1: CH_STATE_CABLE_CONN[0m</msg>
<status status="PASS" starttime="20240808 15:03:58.933" endtime="20240808 15:03:59.013"/>
</kw>
<kw name="Sleep" library="BuiltIn">
<arg>1s</arg>
<doc>Pauses the test executed for the given time.</doc>
<msg timestamp="20240808 15:04:00.013" level="INFO">Slept 1 second</msg>
<status status="PASS" starttime="20240808 15:03:59.013" endtime="20240808 15:04:00.013"/>
</kw>
<kw name="Return From Keyword" library="BuiltIn">
<arg>${data}</arg>
<doc>Returns from the enclosing user keyword.</doc>
<msg timestamp="20240808 15:04:00.014" level="INFO">Returning from the enclosing user keyword.</msg>
<status status="PASS" starttime="20240808 15:04:00.014" endtime="20240808 15:04:00.014"/>
</kw>
<msg timestamp="20240808 15:04:00.014" level="INFO">${data} = [0;32mI (01:03:08.454) CHARGER: State 1: CH_STATE_CABLE_CONN[0m</msg>
<status status="PASS" starttime="20240808 15:03:58.927" endtime="20240808 15:04:00.014"/>
</kw>
<kw name="Check State And CP/PP Value" library="State_Cycle_Test_Port_1">
<arg>${data}</arg>
<arg>${state_cable_con}</arg>
<kw name="Get CP/PP Value" library="main">
<var>${PP}</var>
<arg>${PP_channel}</arg>
<msg timestamp="20240808 15:04:00.039" level="INFO">${PP} = 6.687824403467841</msg>
<status status="PASS" starttime="20240808 15:04:00.015" endtime="20240808 15:04:00.039"/>
</kw>
<kw name="Get CP/PP Value" library="main">
<var>${CP}</var>
<arg>${CP_channel}</arg>
<msg timestamp="20240808 15:04:00.060" level="INFO">${CP} = 10.837111709515394</msg>
<status status="PASS" starttime="20240808 15:04:00.039" endtime="20240808 15:04:00.060"/>
</kw>
<kw name="Run Keyword If" library="BuiltIn">
<arg>"'${state}' in ${data}"</arg>
<arg>Run Keywords</arg>
<doc>Runs the given keyword with the given arguments, if ``condition`` is true.</doc>
<kw name="Run Keywords" library="BuiltIn">
<doc>Executes all the given keywords in a sequence.</doc>
<status status="PASS" starttime="20240808 15:04:00.061" endtime="20240808 15:04:00.062"/>
</kw>
<status status="PASS" starttime="20240808 15:04:00.061" endtime="20240808 15:04:00.062"/>
</kw>
<kw name="Should Be True" library="BuiltIn">
<arg>${PP} &gt;= ${PP_min[${state}]} and ${PP} &lt;= ${PP_max[${state}]}</arg>
<doc>Fails if the given condition is not true.</doc>
<status status="PASS" starttime="20240808 15:04:00.062" endtime="20240808 15:04:00.062"/>
</kw>
<kw name="Should Be True" library="BuiltIn">
<arg>${CP} &gt;= ${CP_min[${state}]} and ${CP} &lt;= ${CP_max[${state}]}</arg>
<doc>Fails if the given condition is not true.</doc>
<status status="PASS" starttime="20240808 15:04:00.062" endtime="20240808 15:04:00.062"/>
</kw>
<kw name="Should Contain" library="BuiltIn">
<arg>${data}</arg>
<arg>${connector_1}</arg>
<arg>msg=Connector Error</arg>
<doc>Fails if ``container`` does not contain ``item`` one or more times.</doc>
<status status="PASS" starttime="20240808 15:04:00.062" endtime="20240808 15:04:00.063"/>
</kw>
<kw name="Should Contain" library="BuiltIn">
<arg>${data}</arg>
<arg>${state}</arg>
<arg>msg=State Error</arg>
<doc>Fails if ``container`` does not contain ``item`` one or more times.</doc>
<status status="PASS" starttime="20240808 15:04:00.063" endtime="20240808 15:04:00.063"/>
</kw>
<status status="PASS" starttime="20240808 15:04:00.014" endtime="20240808 15:04:00.063"/>
</kw>
<status status="PASS" starttime="20240808 15:03:57.925" endtime="20240808 15:04:00.063"/>
</kw>
<kw name="Close State Car Connected" library="State_Cycle_Test_Port_2">
<arg>${ser}</arg>
<doc>This test case checks if the CP car connection is closed properly.</doc>
<kw name="Simulate Cable Disconnect" library="State_Cycle_Test_Port_2">
<var>${data}</var>
<arg>${relay_5}</arg>
<arg>${ser}</arg>
<kw name="Close Relay" library="main">
<arg>${relay}</arg>
<status status="PASS" starttime="20240808 15:04:00.064" endtime="20240808 15:04:00.068"/>
</kw>
<kw name="Collect State" library="main">
<var>${data}</var>
<arg>${ser}</arg>
<msg timestamp="20240808 15:04:00.181" level="INFO">${data} = [0;32mI (01:03:09.628) CHARGER: State 2: CH_STATE_CABLE_CONN[0m</msg>
<status status="PASS" starttime="20240808 15:04:00.068" endtime="20240808 15:04:00.182"/>
</kw>
<kw name="Sleep" library="BuiltIn">
<arg>2s</arg>
<doc>Pauses the test executed for the given time.</doc>
<msg timestamp="20240808 15:04:02.182" level="INFO">Slept 2 seconds</msg>
<status status="PASS" starttime="20240808 15:04:00.182" endtime="20240808 15:04:02.182"/>
</kw>
<kw name="Return From Keyword" library="BuiltIn">
<arg>${data}</arg>
<doc>Returns from the enclosing user keyword.</doc>
<msg timestamp="20240808 15:04:02.182" level="INFO">Returning from the enclosing user keyword.</msg>
<status status="PASS" starttime="20240808 15:04:02.182" endtime="20240808 15:04:02.182"/>
</kw>
<msg timestamp="20240808 15:04:02.182" level="INFO">${data} = [0;32mI (01:03:09.628) CHARGER: State 2: CH_STATE_CABLE_CONN[0m</msg>
<status status="PASS" starttime="20240808 15:04:00.063" endtime="20240808 15:04:02.182"/>
</kw>
<kw name="Check State And CP/PP Value" library="State_Cycle_Test_Port_2">
<arg>${data}</arg>
<arg>${state_cable_con}</arg>
<kw name="Get CP/PP Value" library="main">
<var>${PP}</var>
<arg>${PP_channel_port_2}</arg>
<msg timestamp="20240808 15:04:02.205" level="INFO">${PP} = 6.902351060199001</msg>
<status status="PASS" starttime="20240808 15:04:02.183" endtime="20240808 15:04:02.205"/>
</kw>
<kw name="Get CP/PP Value" library="main">
<var>${CP}</var>
<arg>${CP_channel_port_2}</arg>
<msg timestamp="20240808 15:04:02.226" level="INFO">${CP} = 10.837111709515394</msg>
<status status="PASS" starttime="20240808 15:04:02.205" endtime="20240808 15:04:02.226"/>
</kw>
<kw name="Log" library="BuiltIn">
<arg>${PP}</arg>
<doc>Logs the given message with the given level.</doc>
<msg timestamp="20240808 15:04:02.227" level="INFO">6.902351060199001</msg>
<status status="PASS" starttime="20240808 15:04:02.227" endtime="20240808 15:04:02.227"/>
</kw>
<kw name="Log" library="BuiltIn">
<arg>${CP}</arg>
<doc>Logs the given message with the given level.</doc>
<msg timestamp="20240808 15:04:02.229" level="INFO">10.837111709515394</msg>
<status status="PASS" starttime="20240808 15:04:02.227" endtime="20240808 15:04:02.229"/>
</kw>
<kw name="Sleep" library="BuiltIn">
<arg>1s</arg>
<doc>Pauses the test executed for the given time.</doc>
<msg timestamp="20240808 15:04:03.229" level="INFO">Slept 1 second</msg>
<status status="PASS" starttime="20240808 15:04:02.229" endtime="20240808 15:04:03.229"/>
</kw>
<kw name="Run Keyword If" library="BuiltIn">
<arg>"'${state}' in ${data}"</arg>
<arg>Run Keywords</arg>
<doc>Runs the given keyword with the given arguments, if ``condition`` is true.</doc>
<kw name="Run Keywords" library="BuiltIn">
<doc>Executes all the given keywords in a sequence.</doc>
<status status="PASS" starttime="20240808 15:04:03.229" endtime="20240808 15:04:03.230"/>
</kw>
<status status="PASS" starttime="20240808 15:04:03.229" endtime="20240808 15:04:03.230"/>
</kw>
<kw name="Should Be True" library="BuiltIn">
<arg>${PP} &gt;= ${PP_min[${state}]} and ${PP} &lt;= ${PP_max[${state}]}</arg>
<doc>Fails if the given condition is not true.</doc>
<status status="PASS" starttime="20240808 15:04:03.230" endtime="20240808 15:04:03.231"/>
</kw>
<kw name="Should Be True" library="BuiltIn">
<arg>${CP} &gt;= ${CP_min[${state}]} and ${CP} &lt;= ${CP_max[${state}]}</arg>
<doc>Fails if the given condition is not true.</doc>
<status status="PASS" starttime="20240808 15:04:03.231" endtime="20240808 15:04:03.231"/>
</kw>
<kw name="Log" library="BuiltIn">
<arg>${data}</arg>
<doc>Logs the given message with the given level.</doc>
<msg timestamp="20240808 15:04:03.231" level="INFO">[0;32mI (01:03:09.628) CHARGER: State 2: CH_STATE_CABLE_CONN[0m</msg>
<status status="PASS" starttime="20240808 15:04:03.231" endtime="20240808 15:04:03.231"/>
</kw>
<kw name="Should Contain" library="BuiltIn">
<arg>${data}</arg>
<arg>${connector_2}</arg>
<arg>msg=Connector Error</arg>
<doc>Fails if ``container`` does not contain ``item`` one or more times.</doc>
<status status="PASS" starttime="20240808 15:04:03.231" endtime="20240808 15:04:03.232"/>
</kw>
<kw name="Should Contain" library="BuiltIn">
<arg>${data}</arg>
<arg>${state}</arg>
<arg>msg=State Error</arg>
<doc>Fails if ``container`` does not contain ``item`` one or more times.</doc>
<status status="PASS" starttime="20240808 15:04:03.232" endtime="20240808 15:04:03.232"/>
</kw>
<status status="PASS" starttime="20240808 15:04:02.182" endtime="20240808 15:04:03.232"/>
</kw>
<status status="PASS" starttime="20240808 15:04:00.063" endtime="20240808 15:04:03.232"/>
</kw>
<kw name="Close State Cable Connected" library="State_Cycle_Test_Port_1">
<arg>${ser}</arg>
<doc>This test case checks if the PP cable connection is closed properly.</doc>
<kw name="Simulate Cable Disconnect" library="State_Cycle_Test_Port_1">
<var>${data}</var>
<arg>${relay_0}</arg>
<arg>${ser}</arg>
<kw name="Close Relay" library="main">
<arg>${relay}</arg>
<status status="PASS" starttime="20240808 15:04:03.234" endtime="20240808 15:04:03.239"/>
</kw>
<kw name="Collect State" library="main">
<var>${data}</var>
<arg>${ser}</arg>
<msg timestamp="20240808 15:04:03.285" level="INFO">${data} = [0;32mI (01:03:12.730) CHARGER: State 1: CH_STATE_IDLE[0m</msg>
<status status="PASS" starttime="20240808 15:04:03.240" endtime="20240808 15:04:03.285"/>
</kw>
<kw name="Sleep" library="BuiltIn">
<arg>1s</arg>
<doc>Pauses the test executed for the given time.</doc>
<msg timestamp="20240808 15:04:04.286" level="INFO">Slept 1 second</msg>
<status status="PASS" starttime="20240808 15:04:03.285" endtime="20240808 15:04:04.286"/>
</kw>
<kw name="Return From Keyword" library="BuiltIn">
<arg>${data}</arg>
<doc>Returns from the enclosing user keyword.</doc>
<msg timestamp="20240808 15:04:04.287" level="INFO">Returning from the enclosing user keyword.</msg>
<status status="PASS" starttime="20240808 15:04:04.287" endtime="20240808 15:04:04.287"/>
</kw>
<msg timestamp="20240808 15:04:04.287" level="INFO">${data} = [0;32mI (01:03:12.730) CHARGER: State 1: CH_STATE_IDLE[0m</msg>
<status status="PASS" starttime="20240808 15:04:03.233" endtime="20240808 15:04:04.287"/>
</kw>
<kw name="Check State And CP/PP Value" library="State_Cycle_Test_Port_1">
<arg>${data}</arg>
<arg>${state_idle}</arg>
<kw name="Get CP/PP Value" library="main">
<var>${PP}</var>
<arg>${PP_channel}</arg>
<msg timestamp="20240808 15:04:04.311" level="INFO">${PP} = 10.837111709515394</msg>
<status status="PASS" starttime="20240808 15:04:04.288" endtime="20240808 15:04:04.311"/>
</kw>
<kw name="Get CP/PP Value" library="main">
<var>${CP}</var>
<arg>${CP_channel}</arg>
<msg timestamp="20240808 15:04:04.333" level="INFO">${CP} = 10.837111709515394</msg>
<status status="PASS" starttime="20240808 15:04:04.311" endtime="20240808 15:04:04.333"/>
</kw>
<kw name="Run Keyword If" library="BuiltIn">
<arg>"'${state}' in ${data}"</arg>
<arg>Run Keywords</arg>
<doc>Runs the given keyword with the given arguments, if ``condition`` is true.</doc>
<kw name="Run Keywords" library="BuiltIn">
<doc>Executes all the given keywords in a sequence.</doc>
<status status="PASS" starttime="20240808 15:04:04.334" endtime="20240808 15:04:04.334"/>
</kw>
<status status="PASS" starttime="20240808 15:04:04.333" endtime="20240808 15:04:04.334"/>
</kw>
<kw name="Should Be True" library="BuiltIn">
<arg>${PP} &gt;= ${PP_min[${state}]} and ${PP} &lt;= ${PP_max[${state}]}</arg>
<doc>Fails if the given condition is not true.</doc>
<status status="PASS" starttime="20240808 15:04:04.334" endtime="20240808 15:04:04.334"/>
</kw>
<kw name="Should Be True" library="BuiltIn">
<arg>${CP} &gt;= ${CP_min[${state}]} and ${CP} &lt;= ${CP_max[${state}]}</arg>
<doc>Fails if the given condition is not true.</doc>
<status status="PASS" starttime="20240808 15:04:04.334" endtime="20240808 15:04:04.335"/>
</kw>
<kw name="Should Contain" library="BuiltIn">
<arg>${data}</arg>
<arg>${connector_1}</arg>
<arg>msg=Connector Error</arg>
<doc>Fails if ``container`` does not contain ``item`` one or more times.</doc>
<status status="PASS" starttime="20240808 15:04:04.335" endtime="20240808 15:04:04.335"/>
</kw>
<kw name="Should Contain" library="BuiltIn">
<arg>${data}</arg>
<arg>${state}</arg>
<arg>msg=State Error</arg>
<doc>Fails if ``container`` does not contain ``item`` one or more times.</doc>
<status status="PASS" starttime="20240808 15:04:04.335" endtime="20240808 15:04:04.336"/>
</kw>
<status status="PASS" starttime="20240808 15:04:04.287" endtime="20240808 15:04:04.336"/>
</kw>
<status status="PASS" starttime="20240808 15:04:03.233" endtime="20240808 15:04:04.336"/>
</kw>
<kw name="Close State Cable Connected" library="State_Cycle_Test_Port_2">
<arg>${ser}</arg>
<doc>This test case checks if the PP cable connection is closed properly.</doc>
<kw name="Simulate Cable Disconnect" library="State_Cycle_Test_Port_2">
<var>${data}</var>
<arg>${relay_4}</arg>
<arg>${ser}</arg>
<kw name="Close Relay" library="main">
<arg>${relay}</arg>
<status status="PASS" starttime="20240808 15:04:04.338" endtime="20240808 15:04:04.341"/>
</kw>
<kw name="Collect State" library="main">
<var>${data}</var>
<arg>${ser}</arg>
<msg timestamp="20240808 15:04:04.389" level="INFO">${data} = [0;32mI (01:03:13.831) CHARGER: State 2: CH_STATE_IDLE[0m</msg>
<status status="PASS" starttime="20240808 15:04:04.341" endtime="20240808 15:04:04.389"/>
</kw>
<kw name="Sleep" library="BuiltIn">
<arg>2s</arg>
<doc>Pauses the test executed for the given time.</doc>
<msg timestamp="20240808 15:04:06.389" level="INFO">Slept 2 seconds</msg>
<status status="PASS" starttime="20240808 15:04:04.389" endtime="20240808 15:04:06.389"/>
</kw>
<kw name="Return From Keyword" library="BuiltIn">
<arg>${data}</arg>
<doc>Returns from the enclosing user keyword.</doc>
<msg timestamp="20240808 15:04:06.389" level="INFO">Returning from the enclosing user keyword.</msg>
<status status="PASS" starttime="20240808 15:04:06.389" endtime="20240808 15:04:06.389"/>
</kw>
<msg timestamp="20240808 15:04:06.390" level="INFO">${data} = [0;32mI (01:03:13.831) CHARGER: State 2: CH_STATE_IDLE[0m</msg>
<status status="PASS" starttime="20240808 15:04:04.336" endtime="20240808 15:04:06.390"/>
</kw>
<kw name="Check State And CP/PP Value" library="State_Cycle_Test_Port_2">
<arg>${data}</arg>
<arg>${state_idle}</arg>
<kw name="Get CP/PP Value" library="main">
<var>${PP}</var>
<arg>${PP_channel_port_2}</arg>
<msg timestamp="20240808 15:04:06.413" level="INFO">${PP} = 10.837111709515394</msg>
<status status="PASS" starttime="20240808 15:04:06.390" endtime="20240808 15:04:06.413"/>
</kw>
<kw name="Get CP/PP Value" library="main">
<var>${CP}</var>
<arg>${CP_channel_port_2}</arg>
<msg timestamp="20240808 15:04:06.435" level="INFO">${CP} = 10.837111709515394</msg>
<status status="PASS" starttime="20240808 15:04:06.413" endtime="20240808 15:04:06.435"/>
</kw>
<kw name="Log" library="BuiltIn">
<arg>${PP}</arg>
<doc>Logs the given message with the given level.</doc>
<msg timestamp="20240808 15:04:06.435" level="INFO">10.837111709515394</msg>
<status status="PASS" starttime="20240808 15:04:06.435" endtime="20240808 15:04:06.435"/>
</kw>
<kw name="Log" library="BuiltIn">
<arg>${CP}</arg>
<doc>Logs the given message with the given level.</doc>
<msg timestamp="20240808 15:04:06.436" level="INFO">10.837111709515394</msg>
<status status="PASS" starttime="20240808 15:04:06.435" endtime="20240808 15:04:06.436"/>
</kw>
<kw name="Sleep" library="BuiltIn">
<arg>1s</arg>
<doc>Pauses the test executed for the given time.</doc>
<msg timestamp="20240808 15:04:07.436" level="INFO">Slept 1 second</msg>
<status status="PASS" starttime="20240808 15:04:06.436" endtime="20240808 15:04:07.436"/>
</kw>
<kw name="Run Keyword If" library="BuiltIn">
<arg>"'${state}' in ${data}"</arg>
<arg>Run Keywords</arg>
<doc>Runs the given keyword with the given arguments, if ``condition`` is true.</doc>
<kw name="Run Keywords" library="BuiltIn">
<doc>Executes all the given keywords in a sequence.</doc>
<status status="PASS" starttime="20240808 15:04:07.436" endtime="20240808 15:04:07.436"/>
</kw>
<status status="PASS" starttime="20240808 15:04:07.436" endtime="20240808 15:04:07.438"/>
</kw>
<kw name="Should Be True" library="BuiltIn">
<arg>${PP} &gt;= ${PP_min[${state}]} and ${PP} &lt;= ${PP_max[${state}]}</arg>
<doc>Fails if the given condition is not true.</doc>
<status status="PASS" starttime="20240808 15:04:07.438" endtime="20240808 15:04:07.438"/>
</kw>
<kw name="Should Be True" library="BuiltIn">
<arg>${CP} &gt;= ${CP_min[${state}]} and ${CP} &lt;= ${CP_max[${state}]}</arg>
<doc>Fails if the given condition is not true.</doc>
<status status="PASS" starttime="20240808 15:04:07.438" endtime="20240808 15:04:07.439"/>
</kw>
<kw name="Log" library="BuiltIn">
<arg>${data}</arg>
<doc>Logs the given message with the given level.</doc>
<msg timestamp="20240808 15:04:07.439" level="INFO">[0;32mI (01:03:13.831) CHARGER: State 2: CH_STATE_IDLE[0m</msg>
<status status="PASS" starttime="20240808 15:04:07.439" endtime="20240808 15:04:07.439"/>
</kw>
<kw name="Should Contain" library="BuiltIn">
<arg>${data}</arg>
<arg>${connector_2}</arg>
<arg>msg=Connector Error</arg>
<doc>Fails if ``container`` does not contain ``item`` one or more times.</doc>
<status status="PASS" starttime="20240808 15:04:07.439" endtime="20240808 15:04:07.439"/>
</kw>
<kw name="Should Contain" library="BuiltIn">
<arg>${data}</arg>
<arg>${state}</arg>
<arg>msg=State Error</arg>
<doc>Fails if ``container`` does not contain ``item`` one or more times.</doc>
<status status="PASS" starttime="20240808 15:04:07.439" endtime="20240808 15:04:07.439"/>
</kw>
<status status="PASS" starttime="20240808 15:04:06.390" endtime="20240808 15:04:07.439"/>
</kw>
<status status="PASS" starttime="20240808 15:04:04.336" endtime="20240808 15:04:07.439"/>
</kw>
<doc>Validates states from charging to idle on Connector 1.</doc>
<status status="PASS" starttime="20240808 15:03:46.235" endtime="20240808 15:04:07.440"/>
</test>
<test id="s1-t5" name="Stop Charging Cycle Port 2" line="74">
<kw name="Run Keyword If" library="BuiltIn">
<arg>'${PREV_TEST_STATUS}' != 'PASS'</arg>
<arg>Fail</arg>
<arg>Previous test case failed.</arg>
<doc>Runs the given keyword with the given arguments, if ``condition`` is true.</doc>
<status status="PASS" starttime="20240808 15:04:07.443" endtime="20240808 15:04:07.443"/>
</kw>
<doc>Validates states from charging to idle on Connector 2.</doc>
<status status="PASS" starttime="20240808 15:04:07.442" endtime="20240808 15:04:07.443"/>
</test>
<kw name="Close Serial" library="main" type="TEARDOWN">
<arg>${ser}</arg>
<status status="PASS" starttime="20240808 15:04:07.445" endtime="20240808 15:04:07.572"/>
</kw>
<doc>Tests full charging cycle on connector 2 from cable plugin to charging state. LED functionality, CP/PP values, states and voltage throughput are verified.

MAC-Address: 348518A1DC84 

Software Version: NISO_v0.15</doc>
<status status="PASS" starttime="20240808 15:01:05.579" endtime="20240808 15:04:07.572"/>
</suite>
<statistics>
<total>
<stat pass="5" fail="0" skip="0">All Tests</stat>
</total>
<tag>
</tag>
<suite>
<stat pass="5" fail="0" skip="0" id="s1" name="Charging Sequence No Cloud Both Ports">Charging Sequence No Cloud Both Ports</stat>
</suite>
</statistics>
<errors>
</errors>
</robot>
